This is pdfTeX, Version 3.141592653-2.6-1.40.22 (TeX Live 2021) (preloaded format=pdflatex 2022.3.18)  2 APR 2022 15:55
entering extended mode
 restricted \write18 enabled.
 %&-line parsing enabled.
**AprendizajeProfundo.tex
(./AprendizajeProfundo.tex
LaTeX2e <2020-10-01> patch level 4
L3 programming layer <2021-05-07>
(/usr/share/texlive/texmf-dist/tex/latex/base/book.cls
Document Class: book 2020/04/10 v1.4m Standard LaTeX document class
(/usr/share/texlive/texmf-dist/tex/latex/base/bk12.clo
File: bk12.clo 2020/04/10 v1.4m Standard LaTeX file (size option)
)
\c@part=\count179
\c@chapter=\count180
\c@section=\count181
\c@subsection=\count182
\c@subsubsection=\count183
\c@paragraph=\count184
\c@subparagraph=\count185
\c@figure=\count186
\c@table=\count187
\abovecaptionskip=\skip47
\belowcaptionskip=\skip48
\bibindent=\dimen138
)
(/usr/share/texlive/texmf-dist/tex/latex/base/inputenc.sty
Package: inputenc 2020/08/01 v1.3d Input encoding file
\inpenc@prehook=\toks15
\inpenc@posthook=\toks16
)
(/usr/share/texlive/texmf-dist/tex/latex/base/fontenc.sty
Package: fontenc 2020/08/10 v2.0s Standard LaTeX package
)
(/usr/share/texlive/texmf-dist/tex/latex/geometry/geometry.sty
Package: geometry 2020/01/02 v5.9 Page Geometry

(/usr/share/texlive/texmf-dist/tex/latex/graphics/keyval.sty
Package: keyval 2014/10/28 v1.15 key=value parser (DPC)
\KV@toks@=\toks17
)
(/usr/share/texlive/texmf-dist/tex/generic/iftex/ifvtex.sty
Package: ifvtex 2019/10/25 v1.7 ifvtex legacy package. Use iftex instead.

(/usr/share/texlive/texmf-dist/tex/generic/iftex/iftex.sty
Package: iftex 2020/03/06 v1.0d TeX engine tests
))
\Gm@cnth=\count188
\Gm@cntv=\count189
\c@Gm@tempcnt=\count190
\Gm@bindingoffset=\dimen139
\Gm@wd@mp=\dimen140
\Gm@odd@mp=\dimen141
\Gm@even@mp=\dimen142
\Gm@layoutwidth=\dimen143
\Gm@layoutheight=\dimen144
\Gm@layouthoffset=\dimen145
\Gm@layoutvoffset=\dimen146
\Gm@dimlist=\toks18
)
(/usr/share/texlive/texmf-dist/tex/latex/graphics/graphicx.sty
Package: graphicx 2020/09/09 v1.2b Enhanced LaTeX Graphics (DPC,SPQR)

(/usr/share/texlive/texmf-dist/tex/latex/graphics/graphics.sty
Package: graphics 2020/08/30 v1.4c Standard LaTeX Graphics (DPC,SPQR)

(/usr/share/texlive/texmf-dist/tex/latex/graphics/trig.sty
Package: trig 2016/01/03 v1.10 sin cos tan (DPC)
)
(/usr/share/texlive/texmf-dist/tex/latex/graphics-cfg/graphics.cfg
File: graphics.cfg 2016/06/04 v1.11 sample graphics configuration
)
Package graphics Info: Driver file: pdftex.def on input line 105.

(/usr/share/texlive/texmf-dist/tex/latex/graphics-def/pdftex.def
File: pdftex.def 2020/10/05 v1.2a Graphics/color driver for pdftex
))
\Gin@req@height=\dimen147
\Gin@req@width=\dimen148
)
(/usr/share/texlive/texmf-dist/tex/generic/babel/babel.sty
Package: babel 2021/04/26 3.58 The Babel package

(/usr/share/texlive/texmf-dist/tex/generic/babel/babel.def
File: babel.def 2021/04/26 3.58 Babel common definitions
\babel@savecnt=\count191
\U@D=\dimen149
\l@unhyphenated=\language86

(/usr/share/texlive/texmf-dist/tex/generic/babel/txtbabel.def)
\bbl@readstream=\read2
)
\bbl@dirlevel=\count192

(/usr/share/texlive/texmf-dist/tex/generic/babel-spanish/spanish.ldf
Language: spanish.ldf 2016/03/03 v5.0p Spanish support from the babel system
\es@quottoks=\toks19
\es@quotdepth=\count193
Package babel Info: Making " an active character on input line 561.
Package babel Info: Making . an active character on input line 662.
Package babel Info: Making < an active character on input line 707.
Package babel Info: Making > an active character on input line 707.
))
(/usr/share/texlive/texmf-dist/tex/latex/amscls/amsthm.sty
Package: amsthm 2020/05/29 v2.20.6
\thm@style=\toks20
\thm@bodyfont=\toks21
\thm@headfont=\toks22
\thm@notefont=\toks23
\thm@headpunct=\toks24
\thm@preskip=\skip49
\thm@postskip=\skip50
\thm@headsep=\skip51
\dth@everypar=\toks25
)
(/usr/share/texlive/texmf-dist/tex/latex/amsmath/amsmath.sty
Package: amsmath 2020/09/23 v2.17i AMS math features
\@mathmargin=\skip52

For additional information on amsmath, use the `?' option.
(/usr/share/texlive/texmf-dist/tex/latex/amsmath/amstext.sty
Package: amstext 2000/06/29 v2.01 AMS text

(/usr/share/texlive/texmf-dist/tex/latex/amsmath/amsgen.sty
File: amsgen.sty 1999/11/30 v2.0 generic functions
\@emptytoks=\toks26
\ex@=\dimen150
))
(/usr/share/texlive/texmf-dist/tex/latex/amsmath/amsbsy.sty
Package: amsbsy 1999/11/29 v1.2d Bold Symbols
\pmbraise@=\dimen151
)
(/usr/share/texlive/texmf-dist/tex/latex/amsmath/amsopn.sty
Package: amsopn 2016/03/08 v2.02 operator names
)
\inf@bad=\count194
LaTeX Info: Redefining \frac on input line 234.
\uproot@=\count195
\leftroot@=\count196
LaTeX Info: Redefining \overline on input line 399.
\classnum@=\count197
\DOTSCASE@=\count198
LaTeX Info: Redefining \ldots on input line 496.
LaTeX Info: Redefining \dots on input line 499.
LaTeX Info: Redefining \cdots on input line 620.
\Mathstrutbox@=\box47
\strutbox@=\box48
\big@size=\dimen152
LaTeX Font Info:    Redeclaring font encoding OML on input line 743.
LaTeX Font Info:    Redeclaring font encoding OMS on input line 744.
\macc@depth=\count199
\c@MaxMatrixCols=\count266
\dotsspace@=\muskip16
\c@parentequation=\count267
\dspbrk@lvl=\count268
\tag@help=\toks27
\row@=\count269
\column@=\count270
\maxfields@=\count271
\andhelp@=\toks28
\eqnshift@=\dimen153
\alignsep@=\dimen154
\tagshift@=\dimen155
\tagwidth@=\dimen156
\totwidth@=\dimen157
\lineht@=\dimen158
\@envbody=\toks29
\multlinegap=\skip53
\multlinetaggap=\skip54
\mathdisplay@stack=\toks30
LaTeX Info: Redefining \[ on input line 2923.
LaTeX Info: Redefining \] on input line 2924.
)
(/usr/share/texlive/texmf-dist/tex/latex/trfsigns/trfsigns.sty
Package: trfsigns 
)
(/usr/share/texlive/texmf-dist/tex/latex/amsfonts/amssymb.sty
Package: amssymb 2013/01/14 v3.01 AMS font symbols

(/usr/share/texlive/texmf-dist/tex/latex/amsfonts/amsfonts.sty
Package: amsfonts 2013/01/14 v3.01 Basic AMSFonts support
\symAMSa=\mathgroup4
\symAMSb=\mathgroup5
LaTeX Font Info:    Redeclaring math symbol \hbar on input line 98.
LaTeX Font Info:    Overwriting math alphabet `\mathfrak' in version `bold'
(Font)                  U/euf/m/n --> U/euf/b/n on input line 106.
))
(/usr/share/texlive/texmf-dist/tex/latex/listings/listings.sty
\lst@mode=\count272
\lst@gtempboxa=\box49
\lst@token=\toks31
\lst@length=\count273
\lst@currlwidth=\dimen159
\lst@column=\count274
\lst@pos=\count275
\lst@lostspace=\dimen160
\lst@width=\dimen161
\lst@newlines=\count276
\lst@lineno=\count277
\lst@maxwidth=\dimen162

(/usr/share/texlive/texmf-dist/tex/latex/listings/lstmisc.sty
File: lstmisc.sty 2020/03/24 1.8d (Carsten Heinz)
\c@lstnumber=\count278
\lst@skipnumbers=\count279
\lst@framebox=\box50
)
(/usr/share/texlive/texmf-dist/tex/latex/listings/listings.cfg
File: listings.cfg 2020/03/24 1.8d listings configuration
))
Package: listings 2020/03/24 1.8d (Carsten Heinz)

(/usr/share/texlive/texmf-dist/tex/latex/graphics/color.sty
Package: color 2020/02/24 v1.2b Standard LaTeX Color (DPC)

(/usr/share/texlive/texmf-dist/tex/latex/graphics-cfg/color.cfg
File: color.cfg 2016/01/02 v1.6 sample color configuration
)
Package color Info: Driver file: pdftex.def on input line 147.
)
\c@thm=\count280
\c@dfn=\count281
\c@note=\count282

(/usr/share/texlive/texmf-dist/tex/latex/fancyhdr/fancyhdr.sty
Package: fancyhdr 2021/01/28 v4.0.1 Extensive control of page headers and foote
rs
\f@nch@headwidth=\skip55
\f@nch@O@elh=\skip56
\f@nch@O@erh=\skip57
\f@nch@O@olh=\skip58
\f@nch@O@orh=\skip59
\f@nch@O@elf=\skip60
\f@nch@O@erf=\skip61
\f@nch@O@olf=\skip62
\f@nch@O@orf=\skip63
)
(/usr/share/texlive/texmf-dist/tex/latex/l3backend/l3backend-pdftex.def
File: l3backend-pdftex.def 2021-05-07 L3 backend support: PDF output (pdfTeX)
\l__color_backend_stack_int=\count283
\l__pdf_internal_box=\box51
)
(./AprendizajeProfundo.aux
LaTeX Info: Redefining \. on input line 8.
LaTeX Info: Redefining \% on input line 8.
)
\openout1 = `AprendizajeProfundo.aux'.

LaTeX Font Info:    Checking defaults for OML/cmm/m/it on input line 76.
LaTeX Font Info:    ... okay on input line 76.
LaTeX Font Info:    Checking defaults for OMS/cmsy/m/n on input line 76.
LaTeX Font Info:    ... okay on input line 76.
LaTeX Font Info:    Checking defaults for OT1/cmr/m/n on input line 76.
LaTeX Font Info:    ... okay on input line 76.
LaTeX Font Info:    Checking defaults for T1/cmr/m/n on input line 76.
LaTeX Font Info:    ... okay on input line 76.
LaTeX Font Info:    Checking defaults for TS1/cmr/m/n on input line 76.
LaTeX Font Info:    ... okay on input line 76.
LaTeX Font Info:    Checking defaults for OMX/cmex/m/n on input line 76.
LaTeX Font Info:    ... okay on input line 76.
LaTeX Font Info:    Checking defaults for U/cmr/m/n on input line 76.
LaTeX Font Info:    ... okay on input line 76.

*geometry* driver: auto-detecting
*geometry* detected driver: pdftex
*geometry* verbose mode - [ preamble ] result:
* driver: pdftex
* paper: letterpaper
* layout: <same size as paper>
* layoutoffset:(h,v)=(0.0pt,0.0pt)
* modes: twoside 
* h-part:(L,W,R)=(73.71613pt, 430.00462pt, 110.57425pt)
* v-part:(T,H,B)=(95.39737pt, 556.47656pt, 143.09605pt)
* \paperwidth=614.295pt
* \paperheight=794.96999pt
* \textwidth=430.00462pt
* \textheight=556.47656pt
* \oddsidemargin=1.44614pt
* \evensidemargin=38.30426pt
* \topmargin=-8.74641pt
* \headheight=15.0pt
* \headsep=19.8738pt
* \topskip=12.0pt
* \footskip=30.0pt
* \marginparwidth=98.0pt
* \marginparsep=7.0pt
* \columnsep=10.0pt
* \skip\footins=10.8pt plus 4.0pt minus 2.0pt
* \hoffset=0.0pt
* \voffset=0.0pt
* \mag=1000
* \@twocolumnfalse
* \@twosidetrue
* \@mparswitchtrue
* \@reversemarginfalse
* (1in=72.27pt=25.4mm, 1cm=28.453pt)

(/usr/share/texlive/texmf-dist/tex/context/base/mkii/supp-pdf.mkii
[Loading MPS to PDF converter (version 2006.09.02).]
\scratchcounter=\count284
\scratchdimen=\dimen163
\scratchbox=\box52
\nofMPsegments=\count285
\nofMParguments=\count286
\everyMPshowfont=\toks32
\MPscratchCnt=\count287
\MPscratchDim=\dimen164
\MPnumerator=\count288
\makeMPintoPDFobject=\count289
\everyMPtoPDFconversion=\toks33
) (/usr/share/texlive/texmf-dist/tex/latex/epstopdf-pkg/epstopdf-base.sty
Package: epstopdf-base 2020-01-24 v2.11 Base part for package epstopdf
Package epstopdf-base Info: Redefining graphics rule for `.eps' on input line 4
85.

(/usr/share/texlive/texmf-dist/tex/latex/latexconfig/epstopdf-sys.cfg
File: epstopdf-sys.cfg 2010/07/13 v1.3 Configuration of (r)epstopdf for TeX Liv
e
))
LaTeX Info: Redefining \. on input line 76.
LaTeX Info: Redefining \% on input line 76.
\c@lstlisting=\count290
LaTeX Font Info:    Trying to load font information for U+msa on input line 78.


(/usr/share/texlive/texmf-dist/tex/latex/amsfonts/umsa.fd
File: umsa.fd 2013/01/14 v3.01 AMS symbols A
)
LaTeX Font Info:    Trying to load font information for U+msb on input line 78.


(/usr/share/texlive/texmf-dist/tex/latex/amsfonts/umsb.fd
File: umsb.fd 2013/01/14 v3.01 AMS symbols B
) [1



{/usr/share/texlive/texmf-var/fonts/map/pdftex/updmap/pdftex.map}] [2

] [3]
LaTeX Info: Redefining \. on input line 91.
LaTeX Info: Redefining \% on input line 91.
 [4

]
(./AprendizajeProfundo.toc
LaTeX Info: Redefining \. on input line 1.
LaTeX Info: Redefining \% on input line 1.
)
\tf@toc=\write3
\openout3 = `AprendizajeProfundo.toc'.

 [5]
LaTeX Info: Redefining \. on input line 93.
LaTeX Info: Redefining \% on input line 93.
 [6

]
Cap\'{\i }tulo 1.
(./capitulo1/capitulo1.tex
Underfull \vbox (badness 1371) has occurred while \output is active []

 [1

]
LaTeX Info: Redefining \. on input line 16.
LaTeX Info: Redefining \% on input line 16.

[2]
LaTeX Info: Redefining \. on input line 29.
LaTeX Info: Redefining \% on input line 29.
 [3]
LaTeX Info: Redefining \. on input line 41.
LaTeX Info: Redefining \% on input line 41.
 [4]
LaTeX Info: Redefining \. on input line 52.
LaTeX Info: Redefining \% on input line 52.
 [5]
LaTeX Info: Redefining \. on input line 63.
LaTeX Info: Redefining \% on input line 63.
 [6]
LaTeX Info: Redefining \. on input line 71.
LaTeX Info: Redefining \% on input line 71.
 [7]
LaTeX Info: Redefining \. on input line 86.
LaTeX Info: Redefining \% on input line 86.
 [8]
<capitulo1/red.png, id=61, 946.53625pt x 499.8675pt>
File: capitulo1/red.png Graphic file (type png)
<use capitulo1/red.png>
Package pdftex.def Info: capitulo1/red.png  used on input line 92.
(pdftex.def)             Requested size: 301.00192pt x 158.95406pt.

Underfull \vbox (badness 1189) has occurred while \output is active []

LaTeX Info: Redefining \. on input line 105.
LaTeX Info: Redefining \% on input line 105.
 [9 <./capitulo1/red.png>]
LaTeX Info: Redefining \. on input line 115.
LaTeX Info: Redefining \% on input line 115.
 [10]
<capitulo1/sobreajuste.png, id=69, 1129.21875pt x 392.46625pt>
File: capitulo1/sobreajuste.png Graphic file (type png)
<use capitulo1/sobreajuste.png>
Package pdftex.def Info: capitulo1/sobreajuste.png  used on input line 122.
(pdftex.def)             Requested size: 301.00192pt x 104.61388pt.

Underfull \vbox (badness 10000) has occurred while \output is active []

LaTeX Info: Redefining \. on input line 129.
LaTeX Info: Redefining \% on input line 129.
 [11]
LaTeX Info: Redefining \. on input line 131.
LaTeX Info: Redefining \% on input line 131.

[12 <./capitulo1/sobreajuste.png (PNG copy)>])
LaTeX Info: Redefining \. on input line 99.
LaTeX Info: Redefining \% on input line 99.
 [13]
LaTeX Info: Redefining \. on input line 99.
LaTeX Info: Redefining \% on input line 99.
 [14]
Cap\'{\i }tulo 2.
(./capitulo2/capitulo2.tex [15

]
(/usr/share/texlive/texmf-dist/tex/latex/listings/lstlang1.sty
File: lstlang1.sty 2020/03/24 1.8d listings language file
)
(/usr/share/texlive/texmf-dist/tex/latex/listings/lstlang1.sty
File: lstlang1.sty 2020/03/24 1.8d listings language file
)
LaTeX Font Info:    Trying to load font information for T1+cmtt on input line 2
6.

(/usr/share/texlive/texmf-dist/tex/latex/base/t1cmtt.fd
File: t1cmtt.fd 2019/12/16 v2.5j Standard LaTeX font definitions
)
Overfull \hbox (59.13965pt too wide) in paragraph at lines 32--33
[]\T1/cmr/m/n/12 Para ob-te-ner in-for-ma-ción so-bre pa-que-tes es-pe-cí-fi-co
s, vi-si-te \T1/cmr/m/it/12 https://pub.dartlang.org/packages\T1/cmr/m/n/12 .
 []

)
LaTeX Info: Redefining \. on input line 102.
LaTeX Info: Redefining \% on input line 102.
 [16]
LaTeX Info: Redefining \. on input line 102.
LaTeX Info: Redefining \% on input line 102.
 [17]
LaTeX Info: Redefining \. on input line 102.
LaTeX Info: Redefining \% on input line 102.
 [18

]
Cap\'{\i }tulo 3.
(./capitulo3/capitulo3.tex
<capitulo3/TFarquitectura.jpg, id=98, 1349.04pt x 625.33624pt>
File: capitulo3/TFarquitectura.jpg Graphic file (type jpg)
<use capitulo3/TFarquitectura.jpg>
Package pdftex.def Info: capitulo3/TFarquitectura.jpg  used on input line 5.
(pdftex.def)             Requested size: 301.00192pt x 139.52094pt.
 [19 <./capitulo3/TFarquitectura.jpg>]
LaTeX Info: Redefining \. on input line 26.
LaTeX Info: Redefining \% on input line 26.
 [20]
LaTeX Info: Redefining \. on input line 50.
LaTeX Info: Redefining \% on input line 50.
 [21]
<capitulo3/creacion.png, id=109, 808.01875pt x 612.2875pt>
File: capitulo3/creacion.png Graphic file (type png)
<use capitulo3/creacion.png>
Package pdftex.def Info: capitulo3/creacion.png  used on input line 65.
(pdftex.def)             Requested size: 301.00192pt x 228.08438pt.
<capitulo3/agregarTensorflow.png, id=111, 1029.8475pt x 743.77875pt>
File: capitulo3/agregarTensorflow.png Graphic file (type png)
<use capitulo3/agregarTensorflow.png>
Package pdftex.def Info: capitulo3/agregarTensorflow.png  used on input line 76
.
(pdftex.def)             Requested size: 301.00192pt x 217.38133pt.
LaTeX Info: Redefining \. on input line 83.
LaTeX Info: Redefining \% on input line 83.

[22]
<capitulo3/instalaPaquete.png, id=116, 931.48pt x 765.86125pt>
File: capitulo3/instalaPaquete.png Graphic file (type png)
<use capitulo3/instalaPaquete.png>
Package pdftex.def Info: capitulo3/instalaPaquete.png  used on input line 88.
(pdftex.def)             Requested size: 301.00192pt x 247.47624pt.
 (/usr/share/texlive/texmf-dist/tex/latex/listings/lstlang1.sty
File: lstlang1.sty 2020/03/24 1.8d listings language file
)
LaTeX Info: Redefining \. on input line 105.
LaTeX Info: Redefining \% on input line 105.
 [23 <./capitulo3/creacion.png>]
LaTeX Info: Redefining \. on input line 123.
LaTeX Info: Redefining \% on input line 123.
 [24 <./capitulo3/agregarTensorflow.png>]
<capitulo3/neurona.jpg, id=125, 1043.9pt x 747.79375pt>
File: capitulo3/neurona.jpg Graphic file (type jpg)
<use capitulo3/neurona.jpg>
Package pdftex.def Info: capitulo3/neurona.jpg  used on input line 128.
(pdftex.def)             Requested size: 301.00192pt x 215.6223pt.
LaTeX Info: Redefining \. on input line 142.
LaTeX Info: Redefining \% on input line 142.
 [25 <./capitulo3/instalaPaquete.png>]
LaTeX Info: Redefining \. on input line 148.
LaTeX Info: Redefining \% on input line 148.
 [26 <./capitulo3/neurona.jpg>]
LaTeX Info: Redefining \. on input line 171.
LaTeX Info: Redefining \% on input line 171.
 [27]
LaTeX Info: Redefining \. on input line 195.
LaTeX Info: Redefining \% on input line 195.
 [28])
LaTeX Info: Redefining \. on input line 105.
LaTeX Info: Redefining \% on input line 105.
 [29]
LaTeX Info: Redefining \. on input line 105.
LaTeX Info: Redefining \% on input line 105.
 [30

]
(./AprendizajeProfundo.aux
LaTeX Info: Redefining \. on input line 8.
LaTeX Info: Redefining \% on input line 8.
) ) 
Here is how much of TeX's memory you used:
 6672 strings out of 478855
 89313 string characters out of 5858635
 669873 words of memory out of 6000000
 24198 multiletter control sequences out of 15000+600000
 423688 words of font info for 75 fonts, out of 8000000 for 9000
 1137 hyphenation exceptions out of 8191
 55i,12n,62p,1985b,1234s stack positions out of 5000i,500n,10000p,200000b,80000s
{/usr/share/texlive/texmf-dist/fonts/enc/dvips/cm-super/cm-super-ts1.enc}{/u
sr/share/texlive/texmf-dist/fonts/enc/dvips/cm-super/cm-super-t1.enc}</usr/shar
e/texlive/texmf-dist/fonts/type1/public/amsfonts/cm/cmmi12.pfb></usr/share/texl
ive/texmf-dist/fonts/type1/public/amsfonts/cm/cmr12.pfb></usr/share/texlive/tex
mf-dist/fonts/type1/public/cm-super/sfbi1200.pfb></usr/share/texlive/texmf-dist
/fonts/type1/public/cm-super/sfbx1200.pfb></usr/share/texlive/texmf-dist/fonts/
type1/public/cm-super/sfbx1440.pfb></usr/share/texlive/texmf-dist/fonts/type1/p
ublic/cm-super/sfbx1728.pfb></usr/share/texlive/texmf-dist/fonts/type1/public/c
m-super/sfbx2488.pfb></usr/share/texlive/texmf-dist/fonts/type1/public/cm-super
/sfcc1200.pfb></usr/share/texlive/texmf-dist/fonts/type1/public/cm-super/sfrm06
00.pfb></usr/share/texlive/texmf-dist/fonts/type1/public/cm-super/sfrm0800.pfb>
</usr/share/texlive/texmf-dist/fonts/type1/public/cm-super/sfrm1000.pfb></usr/s
hare/texlive/texmf-dist/fonts/type1/public/cm-super/sfrm1200.pfb></usr/share/te
xlive/texmf-dist/fonts/type1/public/cm-super/sfrm1440.pfb></usr/share/texlive/t
exmf-dist/fonts/type1/public/cm-super/sfrm2074.pfb></usr/share/texlive/texmf-di
st/fonts/type1/public/cm-super/sfti1200.pfb></usr/share/texlive/texmf-dist/font
s/type1/public/cm-super/sftt1000.pfb></usr/share/texlive/texmf-dist/fonts/type1
/public/cm-super/sfxc1200.pfb>
Output written on AprendizajeProfundo.pdf (36 pages, 855422 bytes).
PDF statistics:
 205 PDF objects out of 1000 (max. 8388607)
 138 compressed objects within 2 object streams
 0 named destinations out of 1000 (max. 500000)
 36 words of extra memory for PDF output out of 10000 (max. 10000000)

