This is pdfTeX, Version 3.141592653-2.6-1.40.22 (TeX Live 2021 - Flatpak) (preloaded format=pdflatex 2022.2.5)  6 FEB 2022 16:25
entering extended mode
 restricted \write18 enabled.
 %&-line parsing enabled.
**flutterEcommerce.tex
(./flutterEcommerce.tex
LaTeX2e <2020-10-01> patch level 4
L3 programming layer <2021-02-18>
(/app/texlive/texmf-dist/tex/latex/base/book.cls
Document Class: book 2020/04/10 v1.4m Standard LaTeX document class
(/app/texlive/texmf-dist/tex/latex/base/bk12.clo
File: bk12.clo 2020/04/10 v1.4m Standard LaTeX file (size option)
)
\c@part=\count179
\c@chapter=\count180
\c@section=\count181
\c@subsection=\count182
\c@subsubsection=\count183
\c@paragraph=\count184
\c@subparagraph=\count185
\c@figure=\count186
\c@table=\count187
\abovecaptionskip=\skip47
\belowcaptionskip=\skip48
\bibindent=\dimen138
)
(/app/texlive/texmf-dist/tex/latex/base/inputenc.sty
Package: inputenc 2020/08/01 v1.3d Input encoding file
\inpenc@prehook=\toks15
\inpenc@posthook=\toks16
)
(/app/texlive/texmf-dist/tex/latex/base/fontenc.sty
Package: fontenc 2020/08/10 v2.0s Standard LaTeX package
)
(/app/texlive/texmf-dist/tex/latex/geometry/geometry.sty
Package: geometry 2020/01/02 v5.9 Page Geometry

(/app/texlive/texmf-dist/tex/latex/graphics/keyval.sty
Package: keyval 2014/10/28 v1.15 key=value parser (DPC)
\KV@toks@=\toks17
)
(/app/texlive/texmf-dist/tex/generic/iftex/ifvtex.sty
Package: ifvtex 2019/10/25 v1.7 ifvtex legacy package. Use iftex instead.

(/app/texlive/texmf-dist/tex/generic/iftex/iftex.sty
Package: iftex 2020/03/06 v1.0d TeX engine tests
))
\Gm@cnth=\count188
\Gm@cntv=\count189
\c@Gm@tempcnt=\count190
\Gm@bindingoffset=\dimen139
\Gm@wd@mp=\dimen140
\Gm@odd@mp=\dimen141
\Gm@even@mp=\dimen142
\Gm@layoutwidth=\dimen143
\Gm@layoutheight=\dimen144
\Gm@layouthoffset=\dimen145
\Gm@layoutvoffset=\dimen146
\Gm@dimlist=\toks18
)
(/app/texlive/texmf-dist/tex/latex/graphics/graphicx.sty
Package: graphicx 2020/09/09 v1.2b Enhanced LaTeX Graphics (DPC,SPQR)

(/app/texlive/texmf-dist/tex/latex/graphics/graphics.sty
Package: graphics 2020/08/30 v1.4c Standard LaTeX Graphics (DPC,SPQR)

(/app/texlive/texmf-dist/tex/latex/graphics/trig.sty
Package: trig 2016/01/03 v1.10 sin cos tan (DPC)
)
(/app/texlive/texmf-dist/tex/latex/graphics-cfg/graphics.cfg
File: graphics.cfg 2016/06/04 v1.11 sample graphics configuration
)
Package graphics Info: Driver file: pdftex.def on input line 105.

(/app/texlive/texmf-dist/tex/latex/graphics-def/pdftex.def
File: pdftex.def 2020/10/05 v1.2a Graphics/color driver for pdftex
))
\Gin@req@height=\dimen147
\Gin@req@width=\dimen148
)
(/app/texlive/texmf-dist/tex/generic/babel/babel.sty
Package: babel 2021/03/24 3.56 The Babel package

(/app/texlive/texmf-dist/tex/generic/babel/babel.def
File: babel.def 2021/03/24 3.56 Babel common definitions
\babel@savecnt=\count191
\U@D=\dimen149
\l@babelnohyphens=\language87

(/app/texlive/texmf-dist/tex/generic/babel/txtbabel.def)
\bbl@readstream=\read2
)
\bbl@dirlevel=\count192

(/app/texlive/texmf-dist/tex/generic/babel-spanish/spanish.ldf
Language: spanish.ldf 2016/03/03 v5.0p Spanish support from the babel system
\es@quottoks=\toks19
\es@quotdepth=\count193
Package babel Info: Making " an active character on input line 561.
Package babel Info: Making . an active character on input line 662.
Package babel Info: Making < an active character on input line 707.
Package babel Info: Making > an active character on input line 707.
))
(/app/texlive/texmf-dist/tex/latex/amscls/amsthm.sty
Package: amsthm 2020/05/29 v2.20.6
\thm@style=\toks20
\thm@bodyfont=\toks21
\thm@headfont=\toks22
\thm@notefont=\toks23
\thm@headpunct=\toks24
\thm@preskip=\skip49
\thm@postskip=\skip50
\thm@headsep=\skip51
\dth@everypar=\toks25
)
(/app/texlive/texmf-dist/tex/latex/amsmath/amsmath.sty
Package: amsmath 2020/09/23 v2.17i AMS math features
\@mathmargin=\skip52

For additional information on amsmath, use the `?' option.
(/app/texlive/texmf-dist/tex/latex/amsmath/amstext.sty
Package: amstext 2000/06/29 v2.01 AMS text

(/app/texlive/texmf-dist/tex/latex/amsmath/amsgen.sty
File: amsgen.sty 1999/11/30 v2.0 generic functions
\@emptytoks=\toks26
\ex@=\dimen150
))
(/app/texlive/texmf-dist/tex/latex/amsmath/amsbsy.sty
Package: amsbsy 1999/11/29 v1.2d Bold Symbols
\pmbraise@=\dimen151
)
(/app/texlive/texmf-dist/tex/latex/amsmath/amsopn.sty
Package: amsopn 2016/03/08 v2.02 operator names
)
\inf@bad=\count194
LaTeX Info: Redefining \frac on input line 234.
\uproot@=\count195
\leftroot@=\count196
LaTeX Info: Redefining \overline on input line 399.
\classnum@=\count197
\DOTSCASE@=\count198
LaTeX Info: Redefining \ldots on input line 496.
LaTeX Info: Redefining \dots on input line 499.
LaTeX Info: Redefining \cdots on input line 620.
\Mathstrutbox@=\box47
\strutbox@=\box48
\big@size=\dimen152
LaTeX Font Info:    Redeclaring font encoding OML on input line 743.
LaTeX Font Info:    Redeclaring font encoding OMS on input line 744.
\macc@depth=\count199
\c@MaxMatrixCols=\count266
\dotsspace@=\muskip16
\c@parentequation=\count267
\dspbrk@lvl=\count268
\tag@help=\toks27
\row@=\count269
\column@=\count270
\maxfields@=\count271
\andhelp@=\toks28
\eqnshift@=\dimen153
\alignsep@=\dimen154
\tagshift@=\dimen155
\tagwidth@=\dimen156
\totwidth@=\dimen157
\lineht@=\dimen158
\@envbody=\toks29
\multlinegap=\skip53
\multlinetaggap=\skip54
\mathdisplay@stack=\toks30
LaTeX Info: Redefining \[ on input line 2923.
LaTeX Info: Redefining \] on input line 2924.
)
(/app/texlive/texmf-dist/tex/latex/trfsigns/trfsigns.sty
Package: trfsigns 
)
(/app/texlive/texmf-dist/tex/latex/amsfonts/amssymb.sty
Package: amssymb 2013/01/14 v3.01 AMS font symbols

(/app/texlive/texmf-dist/tex/latex/amsfonts/amsfonts.sty
Package: amsfonts 2013/01/14 v3.01 Basic AMSFonts support
\symAMSa=\mathgroup4
\symAMSb=\mathgroup5
LaTeX Font Info:    Redeclaring math symbol \hbar on input line 98.
LaTeX Font Info:    Overwriting math alphabet `\mathfrak' in version `bold'
(Font)                  U/euf/m/n --> U/euf/b/n on input line 106.
))
(/app/texlive/texmf-dist/tex/latex/caption/subcaption.sty
Package: subcaption 2020/10/07 v1.3j Sub-captions (AR)

(/app/texlive/texmf-dist/tex/latex/caption/caption.sty
Package: caption 2020/10/26 v3.5g Customizing captions (AR)

(/app/texlive/texmf-dist/tex/latex/caption/caption3.sty
Package: caption3 2020/10/21 v2.2e caption3 kernel (AR)
\captionmargin=\dimen159
\captionmargin@=\dimen160
\captionwidth=\dimen161
\caption@tempdima=\dimen162
\caption@indent=\dimen163
\caption@parindent=\dimen164
\caption@hangindent=\dimen165
Package caption Info: Standard document class detected.
)
\c@caption@flags=\count272
\c@continuedfloat=\count273
)
\c@subfigure=\count274
\c@subtable=\count275
)
(/app/texlive/texmf-dist/tex/latex/listings/listings.sty
\lst@mode=\count276
\lst@gtempboxa=\box49
\lst@token=\toks31
\lst@length=\count277
\lst@currlwidth=\dimen166
\lst@column=\count278
\lst@pos=\count279
\lst@lostspace=\dimen167
\lst@width=\dimen168
\lst@newlines=\count280
\lst@lineno=\count281
\lst@maxwidth=\dimen169

(/app/texlive/texmf-dist/tex/latex/listings/lstmisc.sty
File: lstmisc.sty 2020/03/24 1.8d (Carsten Heinz)
\c@lstnumber=\count282
\lst@skipnumbers=\count283
\lst@framebox=\box50
)
(/app/texlive/texmf-dist/tex/latex/listings/listings.cfg
File: listings.cfg 2020/03/24 1.8d listings configuration
))
Package: listings 2020/03/24 1.8d (Carsten Heinz)

(/app/texlive/texmf-dist/tex/latex/graphics/color.sty
Package: color 2020/02/24 v1.2b Standard LaTeX Color (DPC)

(/app/texlive/texmf-dist/tex/latex/graphics-cfg/color.cfg
File: color.cfg 2016/01/02 v1.6 sample color configuration
)
Package color Info: Driver file: pdftex.def on input line 147.
)
\c@thm=\count284
\c@dfn=\count285
\c@note=\count286

(/app/texlive/texmf-dist/tex/latex/fancyhdr/fancyhdr.sty
Package: fancyhdr 2021/01/28 v4.0.1 Extensive control of page headers and foote
rs
\f@nch@headwidth=\skip55
\f@nch@O@elh=\skip56
\f@nch@O@erh=\skip57
\f@nch@O@olh=\skip58
\f@nch@O@orh=\skip59
\f@nch@O@elf=\skip60
\f@nch@O@erf=\skip61
\f@nch@O@olf=\skip62
\f@nch@O@orf=\skip63
)
(/app/texlive/texmf-dist/tex/latex/l3backend/l3backend-pdftex.def
File: l3backend-pdftex.def 2021-03-18 L3 backend support: PDF output (pdfTeX)
\l__color_backend_stack_int=\count287
\l__pdf_internal_box=\box51
)
(./flutterEcommerce.aux
LaTeX Info: Redefining \. on input line 8.
LaTeX Info: Redefining \% on input line 8.
)
\openout1 = `flutterEcommerce.aux'.

LaTeX Font Info:    Checking defaults for OML/cmm/m/it on input line 78.
LaTeX Font Info:    ... okay on input line 78.
LaTeX Font Info:    Checking defaults for OMS/cmsy/m/n on input line 78.
LaTeX Font Info:    ... okay on input line 78.
LaTeX Font Info:    Checking defaults for OT1/cmr/m/n on input line 78.
LaTeX Font Info:    ... okay on input line 78.
LaTeX Font Info:    Checking defaults for T1/cmr/m/n on input line 78.
LaTeX Font Info:    ... okay on input line 78.
LaTeX Font Info:    Checking defaults for TS1/cmr/m/n on input line 78.
LaTeX Font Info:    ... okay on input line 78.
LaTeX Font Info:    Checking defaults for OMX/cmex/m/n on input line 78.
LaTeX Font Info:    ... okay on input line 78.
LaTeX Font Info:    Checking defaults for U/cmr/m/n on input line 78.
LaTeX Font Info:    ... okay on input line 78.

*geometry* driver: auto-detecting
*geometry* detected driver: pdftex
*geometry* verbose mode - [ preamble ] result:
* driver: pdftex
* paper: letterpaper
* layout: <same size as paper>
* layoutoffset:(h,v)=(0.0pt,0.0pt)
* modes: twoside 
* h-part:(L,W,R)=(73.71613pt, 430.00462pt, 110.57425pt)
* v-part:(T,H,B)=(95.39737pt, 556.47656pt, 143.09605pt)
* \paperwidth=614.295pt
* \paperheight=794.96999pt
* \textwidth=430.00462pt
* \textheight=556.47656pt
* \oddsidemargin=1.44614pt
* \evensidemargin=38.30426pt
* \topmargin=-8.74641pt
* \headheight=15.0pt
* \headsep=19.8738pt
* \topskip=12.0pt
* \footskip=30.0pt
* \marginparwidth=98.0pt
* \marginparsep=7.0pt
* \columnsep=10.0pt
* \skip\footins=10.8pt plus 4.0pt minus 2.0pt
* \hoffset=0.0pt
* \voffset=0.0pt
* \mag=1000
* \@twocolumnfalse
* \@twosidetrue
* \@mparswitchtrue
* \@reversemarginfalse
* (1in=72.27pt=25.4mm, 1cm=28.453pt)

(/app/texlive/texmf-dist/tex/context/base/mkii/supp-pdf.mkii
[Loading MPS to PDF converter (version 2006.09.02).]
\scratchcounter=\count288
\scratchdimen=\dimen170
\scratchbox=\box52
\nofMPsegments=\count289
\nofMParguments=\count290
\everyMPshowfont=\toks32
\MPscratchCnt=\count291
\MPscratchDim=\dimen171
\MPnumerator=\count292
\makeMPintoPDFobject=\count293
\everyMPtoPDFconversion=\toks33
) (/app/texlive/texmf-dist/tex/latex/epstopdf-pkg/epstopdf-base.sty
Package: epstopdf-base 2020-01-24 v2.11 Base part for package epstopdf
Package epstopdf-base Info: Redefining graphics rule for `.eps' on input line 4
85.

(/app/texlive/texmf-dist/tex/latex/latexconfig/epstopdf-sys.cfg
File: epstopdf-sys.cfg 2010/07/13 v1.3 Configuration of (r)epstopdf for TeX Liv
e
))
LaTeX Info: Redefining \. on input line 78.
LaTeX Info: Redefining \% on input line 78.
Package caption Info: Begin \AtBeginDocument code.
Package caption Info: listings package is loaded.
Package caption Info: End \AtBeginDocument code.
\c@lstlisting=\count294
LaTeX Font Info:    Trying to load font information for U+msa on input line 80.


(/app/texlive/texmf-dist/tex/latex/amsfonts/umsa.fd
File: umsa.fd 2013/01/14 v3.01 AMS symbols A
)
LaTeX Font Info:    Trying to load font information for U+msb on input line 80.


(/app/texlive/texmf-dist/tex/latex/amsfonts/umsb.fd
File: umsb.fd 2013/01/14 v3.01 AMS symbols B
) [1



{/app/texlive/texmf-dist/fonts/map/pdftex/updmap/pdftex.map}] [2

] [3]
LaTeX Info: Redefining \. on input line 93.
LaTeX Info: Redefining \% on input line 93.
 [4

] (./flutterEcommerce.toc
LaTeX Info: Redefining \. on input line 1.
LaTeX Info: Redefining \% on input line 1.
)
\tf@toc=\write3
\openout3 = `flutterEcommerce.toc'.


[5]
LaTeX Info: Redefining \. on input line 95.
LaTeX Info: Redefining \% on input line 95.
 [6

]
Cap\'{\i }tulo 1.
(./capitulo1/capitulo1.tex
(/app/texlive/texmf-dist/tex/latex/listings/lstlang1.sty
File: lstlang1.sty 2020/03/24 1.8d listings language file
)
(/app/texlive/texmf-dist/tex/latex/listings/lstlang1.sty
File: lstlang1.sty 2020/03/24 1.8d listings language file
)
LaTeX Font Info:    Trying to load font information for T1+cmtt on input line 8
.

(/app/texlive/texmf-dist/tex/latex/base/t1cmtt.fd
File: t1cmtt.fd 2019/12/16 v2.5j Standard LaTeX font definitions
)
<capitulo1/emulador_1.png, id=30, 1926.19624pt x 1004.75375pt>
File: capitulo1/emulador_1.png Graphic file (type png)
<use capitulo1/emulador_1.png>
Package pdftex.def Info: capitulo1/emulador_1.png  used on input line 25.
(pdftex.def)             Requested size: 301.00192pt x 157.00772pt.
<capitulo1/emulador_corriendo.png, id=32, 1910.13625pt x 963.6pt>
File: capitulo1/emulador_corriendo.png Graphic file (type png)
<use capitulo1/emulador_corriendo.png>
Package pdftex.def Info: capitulo1/emulador_corriendo.png  used on input line 3
4.
(pdftex.def)             Requested size: 258.00539pt x 130.1539pt.
 [1

]
Overfull \hbox (0.62349pt too wide) in paragraph at lines 43--44
\T1/cmr/bx/n/12 Ma-te-rial De-sign Co-lor Tool \T1/cmr/m/n/12 la cual se en-cue
n-tra en la di-rec-ción \T1/cmr/m/it/12 https://material.io
 []

<capitulo1/paleta.png, id=43, 985.6825pt x 755.82375pt>
File: capitulo1/paleta.png Graphic file (type png)
<use capitulo1/paleta.png>
Package pdftex.def Info: capitulo1/paleta.png  used on input line 47.
(pdftex.def)             Requested size: 258.00539pt x 197.83582pt.
LaTeX Info: Redefining \. on input line 53.
LaTeX Info: Redefining \% on input line 53.
[2 <./capitulo1/emulador_1.png> <./capitulo1/emulador_corriendo.png>]
<capitulo1/paleta_primaria.png, id=49, 1922.18124pt x 896.34875pt>
File: capitulo1/paleta_primaria.png Graphic file (type png)
<use capitulo1/paleta_primaria.png>
Package pdftex.def Info: capitulo1/paleta_primaria.png  used on input line 56.
(pdftex.def)             Requested size: 215.0023pt x 100.2536pt.
LaTeX Info: Redefining \. on input line 75.
LaTeX Info: Redefining \% on input line 75.
 [3 <./capitulo1/paleta.png> <./capitulo1/paleta_primaria.png>]
(/app/texlive/texmf-dist/tex/latex/listings/lstlang1.sty
File: lstlang1.sty 2020/03/24 1.8d listings language file
)
LaTeX Info: Redefining \. on input line 118.
LaTeX Info: Redefining \% on input line 118.
 [4]
LaTeX Info: Redefining \. on input line 160.
LaTeX Info: Redefining \% on input line 160.
 [5]
<capitulo1/holaMundo.png, id=62, 510.90875pt x 857.2025pt>
File: capitulo1/holaMundo.png Graphic file (type png)
<use capitulo1/holaMundo.png>
Package pdftex.def Info: capitulo1/holaMundo.png  used on input line 176.
(pdftex.def)             Requested size: 129.00269pt x 216.43211pt.
LaTeX Info: Redefining \. on input line 189.
LaTeX Info: Redefining \% on input line 189.
 [6 <./capitulo1/holaMundo.png>]
Underfull \vbox (badness 10000) has occurred while \output is active []

LaTeX Info: Redefining \. on input line 235.
LaTeX Info: Redefining \% on input line 235.
 [7]
Underfull \vbox (badness 10000) has occurred while \output is active []

LaTeX Info: Redefining \. on input line 280.
LaTeX Info: Redefining \% on input line 280.
 [8]
<capitulo1/cap1:006.png, id=75, 503.8825pt x 857.2025pt>
File: capitulo1/cap1:006.png Graphic file (type png)
<use capitulo1/cap1:006.png>
Package pdftex.def Info: capitulo1/cap1:006.png  used on input line 300.
(pdftex.def)             Requested size: 107.50114pt x 182.88232pt.
<capitulo1/cap1:006:1.png, id=76, 497.86pt x 852.18375pt>
File: capitulo1/cap1:006:1.png Graphic file (type png)
<use capitulo1/cap1:006:1.png>
Package pdftex.def Info: capitulo1/cap1:006:1.png  used on input line 306.
(pdftex.def)             Requested size: 107.50114pt x 184.00912pt.
<capitulo1/cap1:006:2.png, id=77, 493.845pt x 855.195pt>
File: capitulo1/cap1:006:2.png Graphic file (type png)
<use capitulo1/cap1:006:2.png>
Package pdftex.def Info: capitulo1/cap1:006:2.png  used on input line 312.
(pdftex.def)             Requested size: 107.50114pt x 186.16pt.
<capitulo1/cap1:006:3.png, id=78, 494.84875pt x 850.17625pt>
File: capitulo1/cap1:006:3.png Graphic file (type png)
<use capitulo1/cap1:006:3.png>
Package pdftex.def Info: capitulo1/cap1:006:3.png  used on input line 318.
(pdftex.def)             Requested size: 107.50114pt x 184.6913pt.

Underfull \hbox (badness 10000) in paragraph at lines 298--322
[]$[]$$[]$
 []


Overfull \hbox (2.61047pt too wide) in paragraph at lines 298--322
[]$ $[]$ 
 []

<capitulo1/enviar_entrar.png, id=79, 1227.58624pt x 438.63875pt>
File: capitulo1/enviar_entrar.png Graphic file (type png)
<use capitulo1/enviar_entrar.png>
Package pdftex.def Info: capitulo1/enviar_entrar.png  used on input line 330.
(pdftex.def)             Requested size: 215.0023pt x 76.82317pt.
LaTeX Info: Redefining \. on input line 360.
LaTeX Info: Redefining \% on input line 360.
[9]
LaTeX Info: Redefining \. on input line 360.
LaTeX Info: Redefining \% on input line 360.
 [10 <./capitulo1/cap1:006.png> <./capitulo1/cap1:006:1.png> <./capitulo1/cap1:
006:2.png> <./capitulo1/cap1:006:3.png>])
LaTeX Info: Redefining \. on input line 101.
LaTeX Info: Redefining \% on input line 101.
 [11 <./capitulo1/enviar_entrar.png>]
LaTeX Info: Redefining \. on input line 101.
LaTeX Info: Redefining \% on input line 101.
 [12

]
Cap\'{\i }tulo 2.
(./capitulo2/capitulo2.tex
(/app/texlive/texmf-dist/tex/latex/listings/lstlang1.sty
File: lstlang1.sty 2020/03/24 1.8d listings language file
)
(/app/texlive/texmf-dist/tex/latex/listings/lstmisc.sty
File: lstmisc.sty 2020/03/24 1.8d (Carsten Heinz)
) [13]
LaTeX Info: Redefining \. on input line 87.
LaTeX Info: Redefining \% on input line 87.
 [14]
<capitulo2/androidstudio.png, id=105, 1088.065pt x 684.5575pt>
File: capitulo2/androidstudio.png Graphic file (type png)
<use capitulo2/androidstudio.png>
Package pdftex.def Info: capitulo2/androidstudio.png  used on input line 90.
(pdftex.def)             Requested size: 301.00192pt x 189.37677pt.
<capitulo2/primerPantalla.png, id=106, 414.54875pt x 870.25125pt>
File: capitulo2/primerPantalla.png Graphic file (type png)
<use capitulo2/primerPantalla.png>
Package pdftex.def Info: capitulo2/primerPantalla.png  used on input line 99.
(pdftex.def)             Requested size: 171.99922pt x 361.06787pt.
) [15 <./capitulo2/androidstudio.png>]
LaTeX Info: Redefining \. on input line 104.
LaTeX Info: Redefining \% on input line 104.
 [16 <./capitulo2/primerPantalla.png>]
(./flutterEcommerce.aux
LaTeX Info: Redefining \. on input line 8.
LaTeX Info: Redefining \% on input line 8.
) ) 
Here is how much of TeX's memory you used:
 8045 strings out of 478994
 114782 string characters out of 5859690
 782301 words of memory out of 5000000
 25401 multiletter control sequences out of 15000+600000
 425419 words of font info for 80 fonts, out of 8000000 for 9000
 1141 hyphenation exceptions out of 8191
 69i,12n,77p,673b,1986s stack positions out of 5000i,500n,10000p,200000b,80000s
{/app/texlive/texmf-dist/fonts/enc/dvips/cm-super/cm-super-ts1.enc}{/app/tex
live/texmf-dist/fonts/enc/dvips/cm-super/cm-super-t1.enc}</app/texlive/texmf-di
st/fonts/type1/public/cm-super/sfbi1200.pfb></app/texlive/texmf-dist/fonts/type
1/public/cm-super/sfbx1200.pfb></app/texlive/texmf-dist/fonts/type1/public/cm-s
uper/sfbx1440.pfb></app/texlive/texmf-dist/fonts/type1/public/cm-super/sfbx1728
.pfb></app/texlive/texmf-dist/fonts/type1/public/cm-super/sfbx2488.pfb></app/te
xlive/texmf-dist/fonts/type1/public/cm-super/sfcc1200.pfb></app/texlive/texmf-d
ist/fonts/type1/public/cm-super/sfit1000.pfb></app/texlive/texmf-dist/fonts/typ
e1/public/cm-super/sfrm0700.pfb></app/texlive/texmf-dist/fonts/type1/public/cm-
super/sfrm0800.pfb></app/texlive/texmf-dist/fonts/type1/public/cm-super/sfrm100
0.pfb></app/texlive/texmf-dist/fonts/type1/public/cm-super/sfrm1095.pfb></app/t
exlive/texmf-dist/fonts/type1/public/cm-super/sfrm1200.pfb></app/texlive/texmf-
dist/fonts/type1/public/cm-super/sfrm1440.pfb></app/texlive/texmf-dist/fonts/ty
pe1/public/cm-super/sfrm2074.pfb></app/texlive/texmf-dist/fonts/type1/public/cm
-super/sfti1200.pfb></app/texlive/texmf-dist/fonts/type1/public/cm-super/sftt10
00.pfb></app/texlive/texmf-dist/fonts/type1/public/cm-super/sfxc1200.pfb>
Output written on flutterEcommerce.pdf (22 pages, 1866558 bytes).
PDF statistics:
 175 PDF objects out of 1000 (max. 8388607)
 108 compressed objects within 2 object streams
 0 named destinations out of 1000 (max. 500000)
 61 words of extra memory for PDF output out of 10000 (max. 10000000)

