This is pdfTeX, Version 3.141592653-2.6-1.40.22 (TeX Live 2021 - Flatpak) (preloaded format=pdflatex 2022.2.5)  13 FEB 2022 20:27
entering extended mode
 restricted \write18 enabled.
 %&-line parsing enabled.
**microcontroladores.tex
(./microcontroladores.tex
LaTeX2e <2020-10-01> patch level 4
L3 programming layer <2021-02-18>
(/app/texlive/texmf-dist/tex/latex/elegantbook/elegantbook.cls
Document Class: elegantbook 2020/04/12 v3.11 ElegantBook document class
(/app/texlive/texmf-dist/tex/latex/kvoptions/kvoptions.sty
Package: kvoptions 2020-10-07 v3.14 Key value format for package options (HO)

(/app/texlive/texmf-dist/tex/latex/graphics/keyval.sty
Package: keyval 2014/10/28 v1.15 key=value parser (DPC)
\KV@toks@=\toks15
)
(/app/texlive/texmf-dist/tex/generic/ltxcmds/ltxcmds.sty
Package: ltxcmds 2020-05-10 v1.25 LaTeX kernel commands for general use (HO)
)
(/app/texlive/texmf-dist/tex/generic/kvsetkeys/kvsetkeys.sty
Package: kvsetkeys 2019/12/15 v1.18 Key value parser (HO)
))
(/app/texlive/texmf-dist/tex/latex/etoolbox/etoolbox.sty
Package: etoolbox 2020/10/05 v2.5k e-TeX tools for LaTeX (JAW)
\etb@tempcnta=\count179
)
(/app/texlive/texmf-dist/tex/latex/base/book.cls
Document Class: book 2020/04/10 v1.4m Standard LaTeX document class
(/app/texlive/texmf-dist/tex/latex/base/bk11.clo
File: bk11.clo 2020/04/10 v1.4m Standard LaTeX file (size option)
)
\c@part=\count180
\c@chapter=\count181
\c@section=\count182
\c@subsection=\count183
\c@subsubsection=\count184
\c@paragraph=\count185
\c@subparagraph=\count186
\c@figure=\count187
\c@table=\count188
\abovecaptionskip=\skip47
\belowcaptionskip=\skip48
\bibindent=\dimen138
)
(/app/texlive/texmf-dist/tex/latex/setspace/setspace.sty
Package: setspace 2011/12/19 v6.7a set line spacing
)
(/app/texlive/texmf-dist/tex/latex/hyperref/hyperref.sty
Package: hyperref 2021-02-27 v7.00k Hypertext links for LaTeX

(/app/texlive/texmf-dist/tex/generic/iftex/iftex.sty
Package: iftex 2020/03/06 v1.0d TeX engine tests
)
(/app/texlive/texmf-dist/tex/generic/pdftexcmds/pdftexcmds.sty
Package: pdftexcmds 2020-06-27 v0.33 Utility functions of pdfTeX for LuaTeX (HO
)

(/app/texlive/texmf-dist/tex/generic/infwarerr/infwarerr.sty
Package: infwarerr 2019/12/03 v1.5 Providing info/warning/error messages (HO)
)
Package pdftexcmds Info: \pdf@primitive is available.
Package pdftexcmds Info: \pdf@ifprimitive is available.
Package pdftexcmds Info: \pdfdraftmode found.
)
(/app/texlive/texmf-dist/tex/generic/kvdefinekeys/kvdefinekeys.sty
Package: kvdefinekeys 2019-12-19 v1.6 Define keys (HO)
)
(/app/texlive/texmf-dist/tex/generic/pdfescape/pdfescape.sty
Package: pdfescape 2019/12/09 v1.15 Implements pdfTeX's escape features (HO)
)
(/app/texlive/texmf-dist/tex/latex/hycolor/hycolor.sty
Package: hycolor 2020-01-27 v1.10 Color options for hyperref/bookmark (HO)
)
(/app/texlive/texmf-dist/tex/latex/letltxmacro/letltxmacro.sty
Package: letltxmacro 2019/12/03 v1.6 Let assignment for LaTeX macros (HO)
)
(/app/texlive/texmf-dist/tex/latex/auxhook/auxhook.sty
Package: auxhook 2019-12-17 v1.6 Hooks for auxiliary files (HO)
)
\@linkdim=\dimen139
\Hy@linkcounter=\count189
\Hy@pagecounter=\count190

(/app/texlive/texmf-dist/tex/latex/hyperref/pd1enc.def
File: pd1enc.def 2021-02-27 v7.00k Hyperref: PDFDocEncoding definition (HO)
Now handling font encoding PD1 ...
... no UTF-8 mapping file for font encoding PD1
)
(/app/texlive/texmf-dist/tex/latex/hyperref/hyperref-langpatches.def
File: hyperref-langpatches.def 2021-02-27 v7.00k Hyperref: patches for babel la
nguages
)
(/app/texlive/texmf-dist/tex/generic/intcalc/intcalc.sty
Package: intcalc 2019/12/15 v1.3 Expandable calculations with integers (HO)
)
(/app/texlive/texmf-dist/tex/generic/etexcmds/etexcmds.sty
Package: etexcmds 2019/12/15 v1.7 Avoid name clashes with e-TeX commands (HO)
)
\Hy@SavedSpaceFactor=\count191

(/app/texlive/texmf-dist/tex/latex/hyperref/puenc.def
File: puenc.def 2021-02-27 v7.00k Hyperref: PDF Unicode definition (HO)
Now handling font encoding PU ...
... no UTF-8 mapping file for font encoding PU
)
Package hyperref Info: Hyper figures OFF on input line 4192.
Package hyperref Info: Link nesting OFF on input line 4197.
Package hyperref Info: Hyper index ON on input line 4200.
Package hyperref Info: Plain pages OFF on input line 4207.
Package hyperref Info: Backreferencing OFF on input line 4212.
Package hyperref Info: Implicit mode ON; LaTeX internals redefined.
Package hyperref Info: Bookmarks ON on input line 4445.
\c@Hy@tempcnt=\count192

(/app/texlive/texmf-dist/tex/latex/url/url.sty
\Urlmuskip=\muskip16
Package: url 2013/09/16  ver 3.4  Verb mode for urls, etc.
)
LaTeX Info: Redefining \url on input line 4804.
\XeTeXLinkMargin=\dimen140

(/app/texlive/texmf-dist/tex/generic/bitset/bitset.sty
Package: bitset 2019/12/09 v1.3 Handle bit-vector datatype (HO)

(/app/texlive/texmf-dist/tex/generic/bigintcalc/bigintcalc.sty
Package: bigintcalc 2019/12/15 v1.5 Expandable calculations on big integers (HO
)
))
\Fld@menulength=\count193
\Field@Width=\dimen141
\Fld@charsize=\dimen142
Package hyperref Info: Hyper figures OFF on input line 6075.
Package hyperref Info: Link nesting OFF on input line 6080.
Package hyperref Info: Hyper index ON on input line 6083.
Package hyperref Info: backreferencing OFF on input line 6090.
Package hyperref Info: Link coloring OFF on input line 6095.
Package hyperref Info: Link coloring with OCG OFF on input line 6100.
Package hyperref Info: PDF/A mode OFF on input line 6105.
LaTeX Info: Redefining \ref on input line 6145.
LaTeX Info: Redefining \pageref on input line 6149.

(/app/texlive/texmf-dist/tex/latex/base/atbegshi-ltx.sty
Package: atbegshi-ltx 2020/08/17 v1.0a Emulation of the original atbegshi packa
ge
with kernel methods
)
\Hy@abspage=\count194
\c@Item=\count195
\c@Hfootnote=\count196
)
Package hyperref Info: Driver (autodetected): hpdftex.

(/app/texlive/texmf-dist/tex/latex/hyperref/hpdftex.def
File: hpdftex.def 2021-02-27 v7.00k Hyperref driver for pdfTeX

(/app/texlive/texmf-dist/tex/latex/base/atveryend-ltx.sty
Package: atveryend-ltx 2020/08/19 v1.0a Emulation of the original atvery packag
e
with kernel methods
)
\Fld@listcount=\count197
\c@bookmark@seq@number=\count198

(/app/texlive/texmf-dist/tex/latex/rerunfilecheck/rerunfilecheck.sty
Package: rerunfilecheck 2019/12/05 v1.9 Rerun checks for auxiliary files (HO)

(/app/texlive/texmf-dist/tex/generic/uniquecounter/uniquecounter.sty
Package: uniquecounter 2019/12/15 v1.4 Provide unlimited unique counter (HO)
)
Package uniquecounter Info: New unique counter `rerunfilecheck' on input line 2
86.
)
\Hy@SectionHShift=\skip49
)
Package hyperref Info: Option `breaklinks' set `true' on input line 105.
Package hyperref Info: Option `unicode' set `true' on input line 105.
Package hyperref Info: Option `bookmarksnumbered' set `true' on input line 105.

Package hyperref Info: Option `bookmarksopen' set `true' on input line 105.
Package hyperref Info: Option `colorlinks' set `true' on input line 105.
Package hyperref Info: Option `plainpages' set `false' on input line 105.
Package hyperref Info: Option `linktocpage' set `true' on input line 105.

(/app/texlive/texmf-dist/tex/latex/geometry/geometry.sty
Package: geometry 2020/01/02 v5.9 Page Geometry

(/app/texlive/texmf-dist/tex/generic/iftex/ifvtex.sty
Package: ifvtex 2019/10/25 v1.7 ifvtex legacy package. Use iftex instead.
)
\Gm@cnth=\count199
\Gm@cntv=\count266
\c@Gm@tempcnt=\count267
\Gm@bindingoffset=\dimen143
\Gm@wd@mp=\dimen144
\Gm@odd@mp=\dimen145
\Gm@even@mp=\dimen146
\Gm@layoutwidth=\dimen147
\Gm@layoutheight=\dimen148
\Gm@layouthoffset=\dimen149
\Gm@layoutvoffset=\dimen150
\Gm@dimlist=\toks16
)
(/app/texlive/texmf-dist/tex/latex/tools/indentfirst.sty
Package: indentfirst 1995/11/23 v1.03 Indent first paragraph (DPC)
)
(/app/texlive/texmf-dist/tex/latex/comment/comment.sty
\CommentStream=\write3

Excluding comment 'comment')
(/app/texlive/texmf-dist/tex/latex/newtx/newtxtext.sty
Package: newtxtext 2020/09/19 v1.630

`newtxtext' v1.630, 2020/09/19 Text macros taking advantage of TeX-Gyre Termes 
fonts (msharpe) (/app/texlive/texmf-dist/tex/latex/fontaxes/fontaxes.sty
Package: fontaxes 2020/07/21 v1.0e Font selection axes
LaTeX Info: Redefining \upshape on input line 29.
LaTeX Info: Redefining \itshape on input line 31.
LaTeX Info: Redefining \slshape on input line 33.
LaTeX Info: Redefining \swshape on input line 35.
LaTeX Info: Redefining \scshape on input line 37.
LaTeX Info: Redefining \sscshape on input line 39.
LaTeX Info: Redefining \ulcshape on input line 41.
LaTeX Info: Redefining \textsw on input line 47.
LaTeX Info: Redefining \textssc on input line 48.
LaTeX Info: Redefining \textulc on input line 49.
)
\ntx@fs=\dimen151

(/app/texlive/texmf-dist/tex/latex/xkeyval/xkeyval.sty
Package: xkeyval 2020/11/20 v2.8 package option processing (HA)

(/app/texlive/texmf-dist/tex/generic/xkeyval/xkeyval.tex
(/app/texlive/texmf-dist/tex/generic/xkeyval/xkvutils.tex
\XKV@toks=\toks17
\XKV@tempa@toks=\toks18
)
\XKV@depth=\count268
File: xkeyval.tex 2014/12/03 v2.7a key=value parser (HA)
))
(/app/texlive/texmf-dist/tex/generic/xstring/xstring.sty
(/app/texlive/texmf-dist/tex/generic/xstring/xstring.tex
\integerpart=\count269
\decimalpart=\count270
)
Package: xstring 2019/02/06 v1.83 String manipulations (CT)
)
(/app/texlive/texmf-dist/tex/latex/base/ifthen.sty
Package: ifthen 2014/09/29 v1.1c Standard LaTeX ifthen package (DPC)
)
(/app/texlive/texmf-dist/tex/latex/carlisle/scalefnt.sty)
(/app/texlive/texmf-dist/tex/latex/base/fontenc.sty
Package: fontenc 2020/08/10 v2.0s Standard LaTeX package
LaTeX Font Info:    Trying to load font information for T1+ntxtlf on input line
 112.

(/app/texlive/texmf-dist/tex/latex/newtx/t1ntxtlf.fd
File: t1ntxtlf.fd 2015/01/17 v1.0 font definition file for T1/ntx/tlf
)
LaTeX Font Info:    Font shape `T1/ntxtlf/m/n' will be
(Font)              scaled to size 10.95pt on input line 112.
)
(/app/texlive/texmf-dist/tex/latex/base/textcomp.sty
Package: textcomp 2020/02/02 v2.0n Standard LaTeX package
LaTeX Font Info:    Changing ? sub-encoding to TS1/0 on input line 75.
)
LaTeX Info: Redefining \textin on input line 103.
\ntxt@cntz=\count271
LaTeX Font Info:    Redeclaring math symbol \mathsterling on input line 316.
)
(/app/texlive/texmf-dist/tex/latex/anyfontsize/anyfontsize.sty
Package: anyfontsize 2007/11/22 anyfontsize.sty by pts
)
(/app/texlive/texmf-dist/tex/latex/xcolor/xcolor.sty
Package: xcolor 2016/05/11 v2.12 LaTeX color extensions (UK)

(/app/texlive/texmf-dist/tex/latex/graphics-cfg/color.cfg
File: color.cfg 2016/01/02 v1.6 sample color configuration
)
Package xcolor Info: Driver file: pdftex.def on input line 225.

(/app/texlive/texmf-dist/tex/latex/graphics-def/pdftex.def
File: pdftex.def 2020/10/05 v1.2a Graphics/color driver for pdftex
)
Package xcolor Info: Model `cmy' substituted by `cmy0' on input line 1348.
Package xcolor Info: Model `hsb' substituted by `rgb' on input line 1352.
Package xcolor Info: Model `RGB' extended on input line 1364.
Package xcolor Info: Model `HTML' substituted by `rgb' on input line 1366.
Package xcolor Info: Model `Hsb' substituted by `hsb' on input line 1367.
Package xcolor Info: Model `tHsb' substituted by `hsb' on input line 1368.
Package xcolor Info: Model `HSB' substituted by `hsb' on input line 1369.
Package xcolor Info: Model `Gray' substituted by `gray' on input line 1370.
Package xcolor Info: Model `wave' substituted by `hsb' on input line 1371.
)
(/app/texlive/texmf-dist/tex/latex/mwe/mwe.sty
Package: mwe 2018/03/30 v0.5 Package to support minimal working examples (MWE)

(/app/texlive/texmf-dist/tex/latex/graphics/graphicx.sty
Package: graphicx 2020/09/09 v1.2b Enhanced LaTeX Graphics (DPC,SPQR)

(/app/texlive/texmf-dist/tex/latex/graphics/graphics.sty
Package: graphics 2020/08/30 v1.4c Standard LaTeX Graphics (DPC,SPQR)

(/app/texlive/texmf-dist/tex/latex/graphics/trig.sty
Package: trig 2016/01/03 v1.10 sin cos tan (DPC)
)
(/app/texlive/texmf-dist/tex/latex/graphics-cfg/graphics.cfg
File: graphics.cfg 2016/06/04 v1.11 sample graphics configuration
)
Package graphics Info: Driver file: pdftex.def on input line 105.
)
\Gin@req@height=\dimen152
\Gin@req@width=\dimen153
)
(/app/texlive/texmf-dist/tex/latex/lipsum/lipsum.sty
(/app/texlive/texmf-dist/tex/latex/l3kernel/expl3.sty
Package: expl3 2021-02-18 L3 programming layer (loader) 

(/app/texlive/texmf-dist/tex/latex/l3backend/l3backend-pdftex.def
File: l3backend-pdftex.def 2021-03-18 L3 backend support: PDF output (pdfTeX)
\l__color_backend_stack_int=\count272
\l__pdf_internal_box=\box47
))
(/app/texlive/texmf-dist/tex/latex/l3packages/xparse/xparse.sty
(/app/texlive/texmf-dist/tex/latex/l3packages/xparse/xparse-2020-10-01.sty
(/app/texlive/texmf-dist/tex/latex/l3packages/xparse/xparse-generic.tex)))
Package: lipsum 2021-03-03 v2.3 150 paragraphs of Lorem Ipsum dummy text

(/app/texlive/texmf-dist/tex/latex/lipsum/lipsum.ltd.tex
File: lipsum.ltd.tex 2021-03-03 v2.3 The Lorem ipsum dummy text
))
(/app/texlive/texmf-dist/tex/latex/blindtext/blindtext.sty
Package: blindtext 2012/01/06 V2.0 blindtext-Package

(/app/texlive/texmf-dist/tex/latex/tools/xspace.sty
Package: xspace 2014/10/28 v1.13 Space after command names (DPC,MH)
)
\c@blindtext=\count273
\c@Blindtext=\count274
\c@blind@countparstart=\count275
\blind@countxx=\count276
\blindtext@numBlindtext=\count277
\blind@countyy=\count278
\c@blindlist=\count279
\c@blindlistlevel=\count280
\c@blindlist@level=\count281
\blind@listitem=\count282
\c@blind@listcount=\count283
\c@blind@levelcount=\count284
\blind@mathformula=\count285
\blind@Mathformula=\count286
\c@blind@randomcount=\count287
\c@blind@randommax=\count288
\c@blind@pangramcount=\count289
\c@blind@pangrammax=\count290
))
(/app/texlive/texmf-dist/tex/latex/natbib/natbib.sty
Package: natbib 2010/09/13 8.31b (PWD, AO)
\bibhang=\skip50
\bibsep=\skip51
LaTeX Info: Redefining \cite on input line 694.
\c@NAT@ctr=\count291
)
(/app/texlive/texmf-dist/tex/latex/tools/enumerate.sty
Package: enumerate 2015/07/23 v3.00 enumerate extensions (DPC)
\@enLab=\toks19
)
(/app/texlive/texmf-dist/tex/latex/enumitem/enumitem.sty
Package: enumitem 2019/06/20 v3.9 Customized lists
\labelindent=\skip52
\enit@outerparindent=\dimen154
\enit@toks=\toks20
\enit@inbox=\box48
\enit@count@id=\count292
\enitdp@description=\count293
)
(/app/texlive/texmf-dist/tex/latex/caption/caption.sty
Package: caption 2020/10/26 v3.5g Customizing captions (AR)

(/app/texlive/texmf-dist/tex/latex/caption/caption3.sty
Package: caption3 2020/10/21 v2.2e caption3 kernel (AR)
\captionmargin=\dimen155
\captionmargin@=\dimen156
\captionwidth=\dimen157
\caption@tempdima=\dimen158
\caption@indent=\dimen159
\caption@parindent=\dimen160
\caption@hangindent=\dimen161
Package caption Info: Standard document class detected.
)
\c@caption@flags=\count294
\c@continuedfloat=\count295
Package caption Info: hyperref package is loaded.
)
(/app/texlive/texmf-dist/tex/latex/amsmath/amsmath.sty
Package: amsmath 2020/09/23 v2.17i AMS math features
\@mathmargin=\skip53

For additional information on amsmath, use the `?' option.
(/app/texlive/texmf-dist/tex/latex/amsmath/amstext.sty
Package: amstext 2000/06/29 v2.01 AMS text

(/app/texlive/texmf-dist/tex/latex/amsmath/amsgen.sty
File: amsgen.sty 1999/11/30 v2.0 generic functions
\@emptytoks=\toks21
\ex@=\dimen162
))
(/app/texlive/texmf-dist/tex/latex/amsmath/amsbsy.sty
Package: amsbsy 1999/11/29 v1.2d Bold Symbols
\pmbraise@=\dimen163
)
(/app/texlive/texmf-dist/tex/latex/amsmath/amsopn.sty
Package: amsopn 2016/03/08 v2.02 operator names
)
\inf@bad=\count296
LaTeX Info: Redefining \frac on input line 234.
\uproot@=\count297
\leftroot@=\count298
LaTeX Info: Redefining \overline on input line 399.
\classnum@=\count299
\DOTSCASE@=\count300
LaTeX Info: Redefining \ldots on input line 496.
LaTeX Info: Redefining \dots on input line 499.
LaTeX Info: Redefining \cdots on input line 620.
\Mathstrutbox@=\box49
\strutbox@=\box50
\big@size=\dimen164
LaTeX Font Info:    Redeclaring font encoding OML on input line 743.
LaTeX Font Info:    Redeclaring font encoding OMS on input line 744.
\macc@depth=\count301
\c@MaxMatrixCols=\count302
\dotsspace@=\muskip17
\c@parentequation=\count303
\dspbrk@lvl=\count304
\tag@help=\toks22
\row@=\count305
\column@=\count306
\maxfields@=\count307
\andhelp@=\toks23
\eqnshift@=\dimen165
\alignsep@=\dimen166
\tagshift@=\dimen167
\tagwidth@=\dimen168
\totwidth@=\dimen169
\lineht@=\dimen170
\@envbody=\toks24
\multlinegap=\skip54
\multlinetaggap=\skip55
\mathdisplay@stack=\toks25
LaTeX Info: Redefining \[ on input line 2923.
LaTeX Info: Redefining \] on input line 2924.
)
(/app/texlive/texmf-dist/tex/latex/jknapltx/mathrsfs.sty
Package: mathrsfs 1996/01/01 Math RSFS package v1.0 (jk)
\symrsfs=\mathgroup4
)
(/app/texlive/texmf-dist/tex/latex/amsfonts/amsfonts.sty
Package: amsfonts 2013/01/14 v3.01 Basic AMSFonts support
\symAMSa=\mathgroup5
\symAMSb=\mathgroup6
LaTeX Font Info:    Redeclaring math symbol \hbar on input line 98.
LaTeX Font Info:    Overwriting math alphabet `\mathfrak' in version `bold'
(Font)                  U/euf/m/n --> U/euf/b/n on input line 106.
)
(/app/texlive/texmf-dist/tex/latex/amsfonts/amssymb.sty
Package: amssymb 2013/01/14 v3.01 AMS font symbols
)
(/app/texlive/texmf-dist/tex/latex/booktabs/booktabs.sty
Package: booktabs 2020/01/12 v1.61803398 Publication quality tables
\heavyrulewidth=\dimen171
\lightrulewidth=\dimen172
\cmidrulewidth=\dimen173
\belowrulesep=\dimen174
\belowbottomsep=\dimen175
\aboverulesep=\dimen176
\abovetopsep=\dimen177
\cmidrulesep=\dimen178
\cmidrulekern=\dimen179
\defaultaddspace=\dimen180
\@cmidla=\count308
\@cmidlb=\count309
\@aboverulesep=\dimen181
\@belowrulesep=\dimen182
\@thisruleclass=\count310
\@lastruleclass=\count311
\@thisrulewidth=\dimen183
)
(/app/texlive/texmf-dist/tex/latex/tools/multicol.sty
Package: multicol 2019/12/09 v1.8y multicolumn formatting (FMi)
\c@tracingmulticols=\count312
\mult@box=\box51
\multicol@leftmargin=\dimen184
\c@unbalance=\count313
\c@collectmore=\count314
\doublecol@number=\count315
\multicoltolerance=\count316
\multicolpretolerance=\count317
\full@width=\dimen185
\page@free=\dimen186
\premulticols=\dimen187
\postmulticols=\dimen188
\multicolsep=\skip56
\multicolbaselineskip=\skip57
\partial@page=\box52
\last@line=\box53
\maxbalancingoverflow=\dimen189
\mult@rightbox=\box54
\mult@grightbox=\box55
\mult@gfirstbox=\box56
\mult@firstbox=\box57
\@tempa=\box58
\@tempa=\box59
\@tempa=\box60
\@tempa=\box61
\@tempa=\box62
\@tempa=\box63
\@tempa=\box64
\@tempa=\box65
\@tempa=\box66
\@tempa=\box67
\@tempa=\box68
\@tempa=\box69
\@tempa=\box70
\@tempa=\box71
\@tempa=\box72
\@tempa=\box73
\@tempa=\box74
\@tempa=\box75
\@tempa=\box76
\@tempa=\box77
\@tempa=\box78
\@tempa=\box79
\@tempa=\box80
\@tempa=\box81
\@tempa=\box82
\@tempa=\box83
\@tempa=\box84
\@tempa=\box85
\@tempa=\box86
\@tempa=\box87
\@tempa=\box88
\@tempa=\box89
\@tempa=\box90
\@tempa=\box91
\@tempa=\box92
\@tempa=\box93
\@tempa=\box94
\c@minrows=\count318
\c@columnbadness=\count319
\c@finalcolumnbadness=\count320
\last@try=\dimen190
\multicolovershoot=\dimen191
\multicolundershoot=\dimen192
\mult@nat@firstbox=\box95
\colbreak@box=\box96
\mc@col@check@num=\count321
)
(/app/texlive/texmf-dist/tex/latex/multirow/multirow.sty
Package: multirow 2021/03/15 v2.8 Span multiple rows of a table
\multirow@colwidth=\skip58
\multirow@cntb=\count322
\multirow@dima=\skip59
\bigstrutjot=\dimen193
)
(/app/texlive/texmf-dist/tex/latex/fancyvrb/fancyvrb.sty
Package: fancyvrb 2021/01/20 v3.7 verbatim text (tvz,hv)
\FV@CodeLineNo=\count323
\FV@InFile=\read2
\FV@TabBox=\box97
\c@FancyVerbLine=\count324
\FV@StepNumber=\count325
\FV@OutFile=\write4
)
(/app/texlive/texmf-dist/tex/latex/makecell/makecell.sty
Package: makecell 2009/08/03 V0.1e Managing of Tab Column Heads and Cells

(/app/texlive/texmf-dist/tex/latex/tools/array.sty
Package: array 2020/10/01 v2.5c Tabular extension package (FMi)
\col@sep=\dimen194
\ar@mcellbox=\box98
\extrarowheight=\dimen195
\NC@list=\toks26
\extratabsurround=\skip60
\backup@length=\skip61
\ar@cellbox=\box99
)
\rotheadsize=\dimen196
\c@nlinenum=\count326
\TeXr@lab=\toks27
)
(/app/texlive/texmf-dist/tex/generic/hologo/hologo.sty
Package: hologo 2019/12/05 v1.14 A logo collection with bookmark support (HO)
)
(/app/texlive/texmf-dist/tex/latex/xpatch/xpatch.sty
Package: xpatch 2020/03/25 v0.3a Extending etoolbox patching commands
)
(/app/texlive/texmf-dist/tex/latex/pgf/frontendlayer/tikz.sty
(/app/texlive/texmf-dist/tex/latex/pgf/basiclayer/pgf.sty
(/app/texlive/texmf-dist/tex/latex/pgf/utilities/pgfrcs.sty
(/app/texlive/texmf-dist/tex/generic/pgf/utilities/pgfutil-common.tex
\pgfutil@everybye=\toks28
\pgfutil@tempdima=\dimen197
\pgfutil@tempdimb=\dimen198

(/app/texlive/texmf-dist/tex/generic/pgf/utilities/pgfutil-common-lists.tex))
(/app/texlive/texmf-dist/tex/generic/pgf/utilities/pgfutil-latex.def
\pgfutil@abb=\box100
)
(/app/texlive/texmf-dist/tex/generic/pgf/utilities/pgfrcs.code.tex
(/app/texlive/texmf-dist/tex/generic/pgf/pgf.revision.tex)
Package: pgfrcs 2020/12/27 v3.1.8b (3.1.8b)
))
Package: pgf 2020/12/27 v3.1.8b (3.1.8b)

(/app/texlive/texmf-dist/tex/latex/pgf/basiclayer/pgfcore.sty
(/app/texlive/texmf-dist/tex/latex/pgf/systemlayer/pgfsys.sty
(/app/texlive/texmf-dist/tex/generic/pgf/systemlayer/pgfsys.code.tex
Package: pgfsys 2020/12/27 v3.1.8b (3.1.8b)

(/app/texlive/texmf-dist/tex/generic/pgf/utilities/pgfkeys.code.tex
\pgfkeys@pathtoks=\toks29
\pgfkeys@temptoks=\toks30

(/app/texlive/texmf-dist/tex/generic/pgf/utilities/pgfkeysfiltered.code.tex
\pgfkeys@tmptoks=\toks31
))
\pgf@x=\dimen199
\pgf@y=\dimen256
\pgf@xa=\dimen257
\pgf@ya=\dimen258
\pgf@xb=\dimen259
\pgf@yb=\dimen260
\pgf@xc=\dimen261
\pgf@yc=\dimen262
\pgf@xd=\dimen263
\pgf@yd=\dimen264
\w@pgf@writea=\write5
\r@pgf@reada=\read3
\c@pgf@counta=\count327
\c@pgf@countb=\count328
\c@pgf@countc=\count329
\c@pgf@countd=\count330
\t@pgf@toka=\toks32
\t@pgf@tokb=\toks33
\t@pgf@tokc=\toks34
\pgf@sys@id@count=\count331

(/app/texlive/texmf-dist/tex/generic/pgf/systemlayer/pgf.cfg
File: pgf.cfg 2020/12/27 v3.1.8b (3.1.8b)
)
Driver file for pgf: pgfsys-pdftex.def

(/app/texlive/texmf-dist/tex/generic/pgf/systemlayer/pgfsys-pdftex.def
File: pgfsys-pdftex.def 2020/12/27 v3.1.8b (3.1.8b)

(/app/texlive/texmf-dist/tex/generic/pgf/systemlayer/pgfsys-common-pdf.def
File: pgfsys-common-pdf.def 2020/12/27 v3.1.8b (3.1.8b)
)))
(/app/texlive/texmf-dist/tex/generic/pgf/systemlayer/pgfsyssoftpath.code.tex
File: pgfsyssoftpath.code.tex 2020/12/27 v3.1.8b (3.1.8b)
\pgfsyssoftpath@smallbuffer@items=\count332
\pgfsyssoftpath@bigbuffer@items=\count333
)
(/app/texlive/texmf-dist/tex/generic/pgf/systemlayer/pgfsysprotocol.code.tex
File: pgfsysprotocol.code.tex 2020/12/27 v3.1.8b (3.1.8b)
))
(/app/texlive/texmf-dist/tex/generic/pgf/basiclayer/pgfcore.code.tex
Package: pgfcore 2020/12/27 v3.1.8b (3.1.8b)

(/app/texlive/texmf-dist/tex/generic/pgf/math/pgfmath.code.tex
(/app/texlive/texmf-dist/tex/generic/pgf/math/pgfmathcalc.code.tex
(/app/texlive/texmf-dist/tex/generic/pgf/math/pgfmathutil.code.tex)
(/app/texlive/texmf-dist/tex/generic/pgf/math/pgfmathparser.code.tex
\pgfmath@dimen=\dimen265
\pgfmath@count=\count334
\pgfmath@box=\box101
\pgfmath@toks=\toks35
\pgfmath@stack@operand=\toks36
\pgfmath@stack@operation=\toks37
)
(/app/texlive/texmf-dist/tex/generic/pgf/math/pgfmathfunctions.code.tex
(/app/texlive/texmf-dist/tex/generic/pgf/math/pgfmathfunctions.basic.code.tex)
(/app/texlive/texmf-dist/tex/generic/pgf/math/pgfmathfunctions.trigonometric.co
de.tex)
(/app/texlive/texmf-dist/tex/generic/pgf/math/pgfmathfunctions.random.code.tex)

(/app/texlive/texmf-dist/tex/generic/pgf/math/pgfmathfunctions.comparison.code.
tex)
(/app/texlive/texmf-dist/tex/generic/pgf/math/pgfmathfunctions.base.code.tex)
(/app/texlive/texmf-dist/tex/generic/pgf/math/pgfmathfunctions.round.code.tex)
(/app/texlive/texmf-dist/tex/generic/pgf/math/pgfmathfunctions.misc.code.tex)
(/app/texlive/texmf-dist/tex/generic/pgf/math/pgfmathfunctions.integerarithmeti
cs.code.tex)))
(/app/texlive/texmf-dist/tex/generic/pgf/math/pgfmathfloat.code.tex
\c@pgfmathroundto@lastzeros=\count335
))
(/app/texlive/texmf-dist/tex/generic/pgf/math/pgfint.code.tex)
(/app/texlive/texmf-dist/tex/generic/pgf/basiclayer/pgfcorepoints.code.tex
File: pgfcorepoints.code.tex 2020/12/27 v3.1.8b (3.1.8b)
\pgf@picminx=\dimen266
\pgf@picmaxx=\dimen267
\pgf@picminy=\dimen268
\pgf@picmaxy=\dimen269
\pgf@pathminx=\dimen270
\pgf@pathmaxx=\dimen271
\pgf@pathminy=\dimen272
\pgf@pathmaxy=\dimen273
\pgf@xx=\dimen274
\pgf@xy=\dimen275
\pgf@yx=\dimen276
\pgf@yy=\dimen277
\pgf@zx=\dimen278
\pgf@zy=\dimen279
)
(/app/texlive/texmf-dist/tex/generic/pgf/basiclayer/pgfcorepathconstruct.code.t
ex
File: pgfcorepathconstruct.code.tex 2020/12/27 v3.1.8b (3.1.8b)
\pgf@path@lastx=\dimen280
\pgf@path@lasty=\dimen281
)
(/app/texlive/texmf-dist/tex/generic/pgf/basiclayer/pgfcorepathusage.code.tex
File: pgfcorepathusage.code.tex 2020/12/27 v3.1.8b (3.1.8b)
\pgf@shorten@end@additional=\dimen282
\pgf@shorten@start@additional=\dimen283
)
(/app/texlive/texmf-dist/tex/generic/pgf/basiclayer/pgfcorescopes.code.tex
File: pgfcorescopes.code.tex 2020/12/27 v3.1.8b (3.1.8b)
\pgfpic=\box102
\pgf@hbox=\box103
\pgf@layerbox@main=\box104
\pgf@picture@serial@count=\count336
)
(/app/texlive/texmf-dist/tex/generic/pgf/basiclayer/pgfcoregraphicstate.code.te
x
File: pgfcoregraphicstate.code.tex 2020/12/27 v3.1.8b (3.1.8b)
\pgflinewidth=\dimen284
)
(/app/texlive/texmf-dist/tex/generic/pgf/basiclayer/pgfcoretransformations.code
.tex
File: pgfcoretransformations.code.tex 2020/12/27 v3.1.8b (3.1.8b)
\pgf@pt@x=\dimen285
\pgf@pt@y=\dimen286
\pgf@pt@temp=\dimen287
) (/app/texlive/texmf-dist/tex/generic/pgf/basiclayer/pgfcorequick.code.tex
File: pgfcorequick.code.tex 2020/12/27 v3.1.8b (3.1.8b)
) (/app/texlive/texmf-dist/tex/generic/pgf/basiclayer/pgfcoreobjects.code.tex
File: pgfcoreobjects.code.tex 2020/12/27 v3.1.8b (3.1.8b)
)
(/app/texlive/texmf-dist/tex/generic/pgf/basiclayer/pgfcorepathprocessing.code.
tex
File: pgfcorepathprocessing.code.tex 2020/12/27 v3.1.8b (3.1.8b)
) (/app/texlive/texmf-dist/tex/generic/pgf/basiclayer/pgfcorearrows.code.tex
File: pgfcorearrows.code.tex 2020/12/27 v3.1.8b (3.1.8b)
\pgfarrowsep=\dimen288
) (/app/texlive/texmf-dist/tex/generic/pgf/basiclayer/pgfcoreshade.code.tex
File: pgfcoreshade.code.tex 2020/12/27 v3.1.8b (3.1.8b)
\pgf@max=\dimen289
\pgf@sys@shading@range@num=\count337
\pgf@shadingcount=\count338
)
(/app/texlive/texmf-dist/tex/generic/pgf/basiclayer/pgfcoreimage.code.tex
File: pgfcoreimage.code.tex 2020/12/27 v3.1.8b (3.1.8b)

(/app/texlive/texmf-dist/tex/generic/pgf/basiclayer/pgfcoreexternal.code.tex
File: pgfcoreexternal.code.tex 2020/12/27 v3.1.8b (3.1.8b)
\pgfexternal@startupbox=\box105
))
(/app/texlive/texmf-dist/tex/generic/pgf/basiclayer/pgfcorelayers.code.tex
File: pgfcorelayers.code.tex 2020/12/27 v3.1.8b (3.1.8b)
)
(/app/texlive/texmf-dist/tex/generic/pgf/basiclayer/pgfcoretransparency.code.te
x
File: pgfcoretransparency.code.tex 2020/12/27 v3.1.8b (3.1.8b)
) (/app/texlive/texmf-dist/tex/generic/pgf/basiclayer/pgfcorepatterns.code.tex
File: pgfcorepatterns.code.tex 2020/12/27 v3.1.8b (3.1.8b)
) (/app/texlive/texmf-dist/tex/generic/pgf/basiclayer/pgfcorerdf.code.tex
File: pgfcorerdf.code.tex 2020/12/27 v3.1.8b (3.1.8b)
)))
(/app/texlive/texmf-dist/tex/generic/pgf/modules/pgfmoduleshapes.code.tex
File: pgfmoduleshapes.code.tex 2020/12/27 v3.1.8b (3.1.8b)
\pgfnodeparttextbox=\box106
)
(/app/texlive/texmf-dist/tex/generic/pgf/modules/pgfmoduleplot.code.tex
File: pgfmoduleplot.code.tex 2020/12/27 v3.1.8b (3.1.8b)
)
(/app/texlive/texmf-dist/tex/latex/pgf/compatibility/pgfcomp-version-0-65.sty
Package: pgfcomp-version-0-65 2020/12/27 v3.1.8b (3.1.8b)
\pgf@nodesepstart=\dimen290
\pgf@nodesepend=\dimen291
)
(/app/texlive/texmf-dist/tex/latex/pgf/compatibility/pgfcomp-version-1-18.sty
Package: pgfcomp-version-1-18 2020/12/27 v3.1.8b (3.1.8b)
)) (/app/texlive/texmf-dist/tex/latex/pgf/utilities/pgffor.sty
(/app/texlive/texmf-dist/tex/latex/pgf/utilities/pgfkeys.sty
(/app/texlive/texmf-dist/tex/generic/pgf/utilities/pgfkeys.code.tex))
(/app/texlive/texmf-dist/tex/latex/pgf/math/pgfmath.sty
(/app/texlive/texmf-dist/tex/generic/pgf/math/pgfmath.code.tex))
(/app/texlive/texmf-dist/tex/generic/pgf/utilities/pgffor.code.tex
Package: pgffor 2020/12/27 v3.1.8b (3.1.8b)

(/app/texlive/texmf-dist/tex/generic/pgf/math/pgfmath.code.tex)
\pgffor@iter=\dimen292
\pgffor@skip=\dimen293
\pgffor@stack=\toks38
\pgffor@toks=\toks39
))
(/app/texlive/texmf-dist/tex/generic/pgf/frontendlayer/tikz/tikz.code.tex
Package: tikz 2020/12/27 v3.1.8b (3.1.8b)

(/app/texlive/texmf-dist/tex/generic/pgf/libraries/pgflibraryplothandlers.code.
tex
File: pgflibraryplothandlers.code.tex 2020/12/27 v3.1.8b (3.1.8b)
\pgf@plot@mark@count=\count339
\pgfplotmarksize=\dimen294
)
\tikz@lastx=\dimen295
\tikz@lasty=\dimen296
\tikz@lastxsaved=\dimen297
\tikz@lastysaved=\dimen298
\tikz@lastmovetox=\dimen299
\tikz@lastmovetoy=\dimen300
\tikzleveldistance=\dimen301
\tikzsiblingdistance=\dimen302
\tikz@figbox=\box107
\tikz@figbox@bg=\box108
\tikz@tempbox=\box109
\tikz@tempbox@bg=\box110
\tikztreelevel=\count340
\tikznumberofchildren=\count341
\tikznumberofcurrentchild=\count342
\tikz@fig@count=\count343
 (/app/texlive/texmf-dist/tex/generic/pgf/modules/pgfmodulematrix.code.tex
File: pgfmodulematrix.code.tex 2020/12/27 v3.1.8b (3.1.8b)
\pgfmatrixcurrentrow=\count344
\pgfmatrixcurrentcolumn=\count345
\pgf@matrix@numberofcolumns=\count346
)
\tikz@expandcount=\count347

(/app/texlive/texmf-dist/tex/generic/pgf/frontendlayer/tikz/libraries/tikzlibra
rytopaths.code.tex
File: tikzlibrarytopaths.code.tex 2020/12/27 v3.1.8b (3.1.8b)
)))
(/app/texlive/texmf-dist/tex/generic/pgf/frontendlayer/tikz/libraries/tikzlibra
rybackgrounds.code.tex
File: tikzlibrarybackgrounds.code.tex 2020/12/27 v3.1.8b (3.1.8b)
\pgf@layerbox@background=\box111
\pgf@layerboxsaved@background=\box112
)
(/app/texlive/texmf-dist/tex/generic/pgf/frontendlayer/tikz/libraries/tikzlibra
rycalc.code.tex
File: tikzlibrarycalc.code.tex 2020/12/27 v3.1.8b (3.1.8b)
)
(/app/texlive/texmf-dist/tex/generic/pgf/frontendlayer/tikz/libraries/tikzlibra
ryshadows.code.tex
File: tikzlibraryshadows.code.tex 2020/12/27 v3.1.8b (3.1.8b)

(/app/texlive/texmf-dist/tex/generic/pgf/frontendlayer/tikz/libraries/tikzlibra
ryfadings.code.tex
File: tikzlibraryfadings.code.tex 2020/12/27 v3.1.8b (3.1.8b)

(/app/texlive/texmf-dist/tex/generic/pgf/libraries/pgflibraryfadings.code.tex
File: pgflibraryfadings.code.tex 2020/12/27 v3.1.8b (3.1.8b)
))) (/app/texlive/texmf-dist/tex/latex/titlesec/titlesec.sty
Package: titlesec 2019/10/16 v2.13 Sectioning titles
\ttl@box=\box113
\beforetitleunit=\skip62
\aftertitleunit=\skip63
\ttl@plus=\dimen303
\ttl@minus=\dimen304
\ttl@toksa=\toks40
\titlewidth=\dimen305
\titlewidthlast=\dimen306
\titlewidthfirst=\dimen307

(/app/texlive/texmf-dist/tex/latex/titlesec/titleps.sty))
(/app/texlive/texmf-dist/tex/latex/apptools/apptools.sty
Package: apptools 2012/11/28 v1.0 Tools for customizing appendices
)
(/app/texlive/texmf-dist/tex/latex/appendix/appendix.sty
Package: appendix 2020/02/08 v1.2c extra appendix facilities
\c@@pps=\count348
\c@@ppsavesec=\count349
\c@@ppsaveapp=\count350
)
(/app/texlive/texmf-dist/tex/latex/psnfss/pifont.sty
Package: pifont 2020/03/25 PSNFSS-v9.3 Pi font support (SPQR) 
LaTeX Font Info:    Trying to load font information for U+pzd on input line 63.


(/app/texlive/texmf-dist/tex/latex/psnfss/upzd.fd
File: upzd.fd 2001/06/04 font definitions for U/pzd.
)
LaTeX Font Info:    Trying to load font information for U+psy on input line 64.


(/app/texlive/texmf-dist/tex/latex/psnfss/upsy.fd
File: upsy.fd 2001/06/04 font definitions for U/psy.
))
(/app/texlive/texmf-dist/tex/latex/manfnt/manfnt.sty
Package: manfnt 1999/07/010.2LaTeX2e manfnt package
\dbend@height=\skip64
)
(/app/texlive/texmf-dist/tex/latex/bbding/bbding.sty
Package: bbding 1999/04/15 v1.01 Dingbats symbols
)
(/app/texlive/texmf-dist/tex/latex/tcolorbox/tcolorbox.sty
Package: tcolorbox 2020/10/09 version 4.42 text color boxes

(/app/texlive/texmf-dist/tex/latex/tools/verbatim.sty
Package: verbatim 2020-07-07 v1.5u LaTeX2e package for verbatim enhancements
\every@verbatim=\toks41
\verbatim@line=\toks42
\verbatim@in@stream=\read4
)
(/app/texlive/texmf-dist/tex/latex/environ/environ.sty
Package: environ 2014/05/04 v0.3 A new way to define environments

(/app/texlive/texmf-dist/tex/latex/trimspaces/trimspaces.sty
Package: trimspaces 2009/09/17 v1.1 Trim spaces around a token list
))
\tcb@titlebox=\box114
\tcb@upperbox=\box115
\tcb@lowerbox=\box116
\tcb@phantombox=\box117
\c@tcbbreakpart=\count351
\c@tcblayer=\count352
\c@tcolorbox@number=\count353
\tcb@temp=\box118
\tcb@temp=\box119
\tcb@temp=\box120
\tcb@temp=\box121
\tcb@out=\write6
\tcb@record@out=\write7

(/app/texlive/texmf-dist/tex/latex/tcolorbox/tcbraster.code.tex
Library (tcolorbox): 'tcbraster.code.tex' version '4.42'
\c@tcbrastercolumn=\count354
\c@tcbrasterrow=\count355
\c@tcbraster=\count356
) (/app/texlive/texmf-dist/tex/latex/tcolorbox/tcbskins.code.tex
Library (tcolorbox): 'tcbskins.code.tex' version '4.42'
\tcb@waterbox=\box122
(/app/texlive/texmf-dist/tex/latex/tcolorbox/tcbskinsjigsaw.code.tex
Library (tcolorbox): 'tcbskinsjigsaw.code.tex' version '4.42'
)) (/app/texlive/texmf-dist/tex/latex/tcolorbox/tcbbreakable.code.tex
Library (tcolorbox): 'tcbbreakable.code.tex' version '4.42'
(/app/texlive/texmf-dist/tex/generic/oberdiek/pdfcol.sty
Package: pdfcol 2019/12/29 v1.6 Handle new color stacks for pdfTeX (HO)
)
Package pdfcol Info: New color stack `tcb@breakable' = 1 on input line 23.
\tcb@testbox=\box123
\tcb@totalupperbox=\box124
\tcb@totallowerbox=\box125
)
(/app/texlive/texmf-dist/tex/latex/tcolorbox/tcbhooks.code.tex
Library (tcolorbox): 'tcbhooks.code.tex' version '4.42'
) (/app/texlive/texmf-dist/tex/latex/tcolorbox/tcbtheorems.code.tex
Library (tcolorbox): 'tcbtheorems.code.tex' version '4.42'
) (/app/texlive/texmf-dist/tex/latex/tcolorbox/tcbfitting.code.tex
Library (tcolorbox): 'tcbfitting.code.tex' version '4.42'
\tcbfitdim=\dimen308
\tcb@lowerfitdim=\dimen309
\tcb@upperfitdim=\dimen310
\tcb@cur@hbadness=\count357
) (/app/texlive/texmf-dist/tex/latex/tcolorbox/tcbxparse.code.tex
Library (tcolorbox): 'tcbxparse.code.tex' version '4.42'
))
\c@tcb@cnt@definition=\count358
\c@tcb@cnt@theorem=\count359
\c@tcb@cnt@postulate=\count360
\c@tcb@cnt@axiom=\count361
\c@tcb@cnt@proposition=\count362
\c@tcb@cnt@corollary=\count363
\c@tcb@cnt@lemma=\count364
\c@exam=\count365
\c@exer=\count366
\c@prob=\count367
 (/app/texlive/texmf-dist/tex/latex/adforn/adforn.sty
Package: adforn 2019/10/13 v1.1b adforn CFR
LaTeX Font Info:    Trying to load font information for U+OrnementsADF on input
 line 4.

(/app/texlive/texmf-dist/tex/latex/adforn/uornementsadf.fd))
(/app/texlive/texmf-dist/tex/latex/fancyhdr/fancyhdr.sty
Package: fancyhdr 2021/01/28 v4.0.1 Extensive control of page headers and foote
rs
\f@nch@headwidth=\skip65
\f@nch@O@elh=\skip66
\f@nch@O@erh=\skip67
\f@nch@O@olh=\skip68
\f@nch@O@orh=\skip69
\f@nch@O@elf=\skip70
\f@nch@O@erf=\skip71
\f@nch@O@olf=\skip72
\f@nch@O@orf=\skip73
)
(/app/texlive/texmf-dist/tex/latex/listings/listings.sty
\lst@mode=\count368
\lst@gtempboxa=\box126
\lst@token=\toks43
\lst@length=\count369
\lst@currlwidth=\dimen311
\lst@column=\count370
\lst@pos=\count371
\lst@lostspace=\dimen312
\lst@width=\dimen313
\lst@newlines=\count372
\lst@lineno=\count373
\lst@maxwidth=\dimen314

(/app/texlive/texmf-dist/tex/latex/listings/lstmisc.sty
File: lstmisc.sty 2020/03/24 1.8d (Carsten Heinz)
\c@lstnumber=\count374
\lst@skipnumbers=\count375
\lst@framebox=\box127
)
(/app/texlive/texmf-dist/tex/latex/listings/listings.cfg
File: listings.cfg 2020/03/24 1.8d listings configuration
))
Package: listings 2020/03/24 1.8d (Carsten Heinz)

(/app/texlive/texmf-dist/tex/latex/listings/lstlang1.sty
File: lstlang1.sty 2020/03/24 1.8d listings language file
)
(/app/texlive/texmf-dist/tex/latex/listings/lstlang2.sty
File: lstlang2.sty 2020/03/24 1.8d listings language file
)
(/app/texlive/texmf-dist/tex/latex/listings/lstlang3.sty
File: lstlang3.sty 2020/03/24 1.8d listings language file
)
(/app/texlive/texmf-dist/tex/latex/listings/lstlang1.sty
File: lstlang1.sty 2020/03/24 1.8d listings language file
)
(/app/texlive/texmf-dist/tex/latex/listings/lstlang2.sty
File: lstlang2.sty 2020/03/24 1.8d listings language file
)
(/app/texlive/texmf-dist/tex/latex/listings/lstlang3.sty
File: lstlang3.sty 2020/03/24 1.8d listings language file
)
(/app/texlive/texmf-dist/tex/latex/listings/lstlang1.sty
File: lstlang1.sty 2020/03/24 1.8d listings language file
)
(/app/texlive/texmf-dist/tex/latex/listings/lstlang2.sty
File: lstlang2.sty 2020/03/24 1.8d listings language file
)
(/app/texlive/texmf-dist/tex/latex/listings/lstlang3.sty
File: lstlang3.sty 2020/03/24 1.8d listings language file
)
(/app/texlive/texmf-dist/tex/latex/listings/lstmisc.sty
File: lstmisc.sty 2020/03/24 1.8d (Carsten Heinz)
)
(/app/texlive/texmf-dist/tex/latex/tools/bm.sty
Package: bm 2019/07/24 v1.2d Bold Symbol Support (DPC/FMi)
LaTeX Info: Redefining \bm on input line 209.
))
(/app/texlive/texmf-dist/tex/generic/babel/babel.sty
Package: babel 2021/03/24 3.56 The Babel package

(/app/texlive/texmf-dist/tex/generic/babel/babel.def
File: babel.def 2021/03/24 3.56 Babel common definitions
\babel@savecnt=\count376
\U@D=\dimen315
\l@babelnohyphens=\language87

(/app/texlive/texmf-dist/tex/generic/babel/txtbabel.def)
\bbl@readstream=\read5
)
\bbl@dirlevel=\count377

(/app/texlive/texmf-dist/tex/generic/babel-spanish/spanish.ldf
Language: spanish.ldf 2016/03/03 v5.0p Spanish support from the babel system
\es@quottoks=\toks44
\es@quotdepth=\count378
Package babel Info: Making " an active character on input line 561.
Package babel Info: Making . an active character on input line 662.
Package babel Info: Making < an active character on input line 707.
Package babel Info: Making > an active character on input line 707.
))
(/app/texlive/texmf-dist/tex/latex/subfig/subfig.sty
Package: subfig 2005/06/28 ver: 1.3 subfig package
\c@KVtest=\count379
\sf@farskip=\skip74
\sf@captopadj=\dimen316
\sf@capskip=\skip75
\sf@nearskip=\skip76
\c@subfigure=\count380
\c@subfigure@save=\count381
\c@lofdepth=\count382
\c@subtable=\count383
\c@subtable@save=\count384
\c@lotdepth=\count385
\sf@top=\skip77
\sf@bottom=\skip78
) (./microcontroladores.aux
LaTeX Info: Redefining \. on input line 26.
LaTeX Info: Redefining \% on input line 26.
)
\openout1 = `microcontroladores.aux'.

LaTeX Font Info:    Checking defaults for OML/cmm/m/it on input line 45.
LaTeX Font Info:    ... okay on input line 45.
LaTeX Font Info:    Checking defaults for OMS/cmsy/m/n on input line 45.
LaTeX Font Info:    ... okay on input line 45.
LaTeX Font Info:    Checking defaults for OT1/cmr/m/n on input line 45.
LaTeX Font Info:    ... okay on input line 45.
LaTeX Font Info:    Checking defaults for T1/cmr/m/n on input line 45.
LaTeX Font Info:    ... okay on input line 45.
LaTeX Font Info:    Checking defaults for TS1/cmr/m/n on input line 45.
LaTeX Font Info:    ... okay on input line 45.
LaTeX Font Info:    Checking defaults for OMX/cmex/m/n on input line 45.
LaTeX Font Info:    ... okay on input line 45.
LaTeX Font Info:    Checking defaults for U/cmr/m/n on input line 45.
LaTeX Font Info:    ... okay on input line 45.
LaTeX Font Info:    Checking defaults for PD1/pdf/m/n on input line 45.
LaTeX Font Info:    ... okay on input line 45.
LaTeX Font Info:    Checking defaults for PU/pdf/m/n on input line 45.
LaTeX Font Info:    ... okay on input line 45.
Package hyperref Info: Link coloring ON on input line 45.
 (/app/texlive/texmf-dist/tex/latex/hyperref/nameref.sty
Package: nameref 2021-04-02 v2.47 Cross-referencing by name of section

(/app/texlive/texmf-dist/tex/latex/refcount/refcount.sty
Package: refcount 2019/12/15 v3.6 Data extraction from label references (HO)
)
(/app/texlive/texmf-dist/tex/generic/gettitlestring/gettitlestring.sty
Package: gettitlestring 2019/12/15 v1.6 Cleanup title references (HO)
)
\c@section@level=\count386
)
LaTeX Info: Redefining \ref on input line 45.
LaTeX Info: Redefining \pageref on input line 45.
LaTeX Info: Redefining \nameref on input line 45.

(./microcontroladores.out) (./microcontroladores.out)
\@outlinefile=\write8
\openout8 = `microcontroladores.out'.


*geometry* driver: auto-detecting
*geometry* detected driver: pdftex
*geometry* verbose mode - [ preamble ] result:
* driver: pdftex
* paper: a4paper
* layout: <same size as paper>
* layoutoffset:(h,v)=(0.0pt,0.0pt)
* modes: 
* h-part:(L,W,R)=(89.62709pt, 418.25368pt, 89.6271pt)
* v-part:(T,H,B)=(72.26997pt, 700.5069pt, 72.26997pt)
* \paperwidth=597.50787pt
* \paperheight=845.04684pt
* \textwidth=418.25368pt
* \textheight=700.5069pt
* \oddsidemargin=17.3571pt
* \evensidemargin=17.3571pt
* \topmargin=-73.12352pt
* \headheight=61.74242pt
* \headsep=11.38109pt
* \topskip=11.0pt
* \footskip=34.1433pt
* \marginparwidth=53.0pt
* \marginparsep=7.0pt
* \columnsep=10.0pt
* \skip\footins=10.0pt plus 4.0pt minus 2.0pt
* \hoffset=0.0pt
* \voffset=0.0pt
* \mag=1000
* \@twocolumnfalse
* \@twosidefalse
* \@mparswitchfalse
* \@reversemarginfalse
* (1in=72.27pt=25.4mm, 1cm=28.453pt)

\c@mv@tabular=\count387
\c@mv@boldtabular=\count388
(/app/texlive/texmf-dist/tex/context/base/mkii/supp-pdf.mkii
[Loading MPS to PDF converter (version 2006.09.02).]
\scratchcounter=\count389
\scratchdimen=\dimen317
\scratchbox=\box128
\nofMPsegments=\count390
\nofMParguments=\count391
\everyMPshowfont=\toks45
\MPscratchCnt=\count392
\MPscratchDim=\dimen318
\MPnumerator=\count393
\makeMPintoPDFobject=\count394
\everyMPtoPDFconversion=\toks46
) (/app/texlive/texmf-dist/tex/latex/epstopdf-pkg/epstopdf-base.sty
Package: epstopdf-base 2020-01-24 v2.11 Base part for package epstopdf
Package epstopdf-base Info: Redefining graphics rule for `.eps' on input line 4
85.

(/app/texlive/texmf-dist/tex/latex/latexconfig/epstopdf-sys.cfg
File: epstopdf-sys.cfg 2010/07/13 v1.3 Configuration of (r)epstopdf for TeX Liv
e
))
Package caption Info: Begin \AtBeginDocument code.
Package caption Info: subfig package v1.3 is loaded.
Package caption Info: listings package is loaded.
Package caption Info: End \AtBeginDocument code.

(/app/texlive/texmf-dist/tex/latex/footmisc/footmisc.sty
Package: footmisc 2011/06/06 v5.5b a miscellany of footnote facilities
\FN@temptoken=\toks47
\footnotemargin=\dimen319
\c@pp@next@reset=\count395
Package footmisc Info: Declaring symbol style bringhurst on input line 855.
Package footmisc Info: Declaring symbol style chicago on input line 863.
Package footmisc Info: Declaring symbol style wiley on input line 872.
Package footmisc Info: Declaring symbol style lamport-robust on input line 883.

Package footmisc Info: Declaring symbol style lamport* on input line 903.
Package footmisc Info: Declaring symbol style lamport*-robust on input line 924
.
)
\c@lstlisting=\count396
LaTeX Info: Redefining \. on input line 45.
LaTeX Info: Redefining \% on input line 45.
Package hyperref Info: Option `pageanchor' set `false' on input line 47.
*geometry* verbose mode - [ newgeometry ] result:
* driver: pdftex
* paper: a4paper
* layout: <same size as paper>
* layoutoffset:(h,v)=(0.0pt,0.0pt)
* modes: 
* h-part:(L,W,R)=(0.0pt, 597.50787pt, 0.0pt)
* v-part:(T,H,B)=(0.0pt, 845.04684pt, 0.0pt)
* \paperwidth=597.50787pt
* \paperheight=845.04684pt
* \textwidth=597.50787pt
* \textheight=845.04684pt
* \oddsidemargin=-72.26999pt
* \evensidemargin=-72.26999pt
* \topmargin=-145.3935pt
* \headheight=61.74242pt
* \headsep=11.38109pt
* \topskip=11.0pt
* \footskip=34.1433pt
* \marginparwidth=53.0pt
* \marginparsep=7.0pt
* \columnsep=10.0pt
* \skip\footins=10.0pt plus 4.0pt minus 2.0pt
* \hoffset=0.0pt
* \voffset=0.0pt
* \mag=1000
* \@twocolumnfalse
* \@twosidefalse
* \@mparswitchfalse
* \@reversemarginfalse
* (1in=72.27pt=25.4mm, 1cm=28.453pt)

<embebido.jpg, id=99, 1284.8pt x 722.7pt>
File: embebido.jpg Graphic file (type jpg)
<use embebido.jpg>
Package pdftex.def Info: embebido.jpg  used on input line 47.
(pdftex.def)             Requested size: 597.50787pt x 336.10716pt.
LaTeX Font Info:    Font shape `T1/ntxtlf/b/n' will be
(Font)              scaled to size 10.95pt on input line 47.
LaTeX Font Info:    Font shape `T1/ntxtlf/b/n' will be
(Font)              scaled to size 24.88pt on input line 47.
LaTeX Font Info:    Trying to load font information for U+rsfs on input line 47
.

(/app/texlive/texmf-dist/tex/latex/jknapltx/ursfs.fd
File: ursfs.fd 1998/03/24 rsfs font definition file (jk)
)
LaTeX Font Info:    Trying to load font information for U+msa on input line 47.


(/app/texlive/texmf-dist/tex/latex/amsfonts/umsa.fd
File: umsa.fd 2013/01/14 v3.01 AMS symbols A
)
LaTeX Font Info:    Trying to load font information for U+msb on input line 47.


(/app/texlive/texmf-dist/tex/latex/amsfonts/umsb.fd
File: umsb.fd 2013/01/14 v3.01 AMS symbols B
)
LaTeX Font Info:    Font shape `T1/ntxtlf/b/n' will be
(Font)              scaled to size 14.4pt on input line 47.
<Smartest-Color.png, id=100, 1084.05pt x 794.7291pt>
File: Smartest-Color.png Graphic file (type png)
<use Smartest-Color.png>
Package pdftex.def Info: Smartest-Color.png  used on input line 47.
(pdftex.def)             Requested size: 119.50148pt x 87.60236pt.
LaTeX Font Info:    Font shape `T1/ntxtlf/m/it' will be
(Font)              scaled to size 10.95pt on input line 47.
 [1



{/app/texlive/texmf-dist/fonts/map/pdftex/updmap/pdftex.map} <./embebido.jpg> <
./Smartest-Color.png>]
LaTeX Font Info:    Font shape `T1/ntxtlf/b/n' will be
(Font)              scaled to size 17.28pt on input line 50.

(./microcontroladores.toc
LaTeX Info: Redefining \. on input line 1.
LaTeX Info: Redefining \% on input line 1.
)
\tf@toc=\write9
\openout9 = `microcontroladores.toc'.

 [1



] [1


]
Cap\'{\i }tulo 1.
(./capitulo1/capitulo1.tex [2

]
LaTeX Font Info:    Font shape `T1/ntxtlf/b/n' will be
(Font)              scaled to size 12.0pt on input line 31.
LaTeX Font Info:    Font shape `T1/ntxtlf/b/it' will be
(Font)              scaled to size 10.95pt on input line 38.
LaTeX Info: Redefining \. on input line 45.
LaTeX Info: Redefining \% on input line 45.
LaTeX Font Info:    Font shape `T1/ntxtlf/m/n' will be
(Font)              scaled to size 8.0pt on input line 45.
 [3]
<capitulo1/f411re.jpg, id=146, 1003.75pt x 668.4975pt>
File: capitulo1/f411re.jpg Graphic file (type jpg)
<use capitulo1/f411re.jpg>
Package pdftex.def Info: capitulo1/f411re.jpg  used on input line 52.
(pdftex.def)             Requested size: 292.77629pt x 194.99155pt.
LaTeX Font Info:    Font shape `T1/ntxtlf/m/n' will be
(Font)              scaled to size 10.0pt on input line 53.
LaTeX Font Info:    Font shape `T1/ntxtlf/b/n' will be
(Font)              scaled to size 10.0pt on input line 53.
LaTeX Font Info:    Trying to load font information for TS1+ntxtlf on input lin
e 57.

(/app/texlive/texmf-dist/tex/latex/newtx/ts1ntxtlf.fd
File: ts1ntxtlf.fd 2015/01/18 v1.0 fd file for TS1/ntxtlf
)
LaTeX Font Info:    Font shape `TS1/ntxtlf/m/n' will be
(Font)              scaled to size 10.95pt on input line 57.
LaTeX Info: Redefining \. on input line 62.
LaTeX Info: Redefining \% on input line 62.
 [4 <./capitulo1/f411re.jpg>]
<capitulo1/caracteristicas.png, id=152, 777.90625pt x 590.205pt>
File: capitulo1/caracteristicas.png Graphic file (type png)
<use capitulo1/caracteristicas.png>
Package pdftex.def Info: capitulo1/caracteristicas.png  used on input line 90.
(pdftex.def)             Requested size: 376.42575pt x 285.60066pt.
<capitulo1/memoria.png, id=154, 684.5575pt x 730.73pt>
File: capitulo1/memoria.png Graphic file (type png)
<use capitulo1/memoria.png>
Package pdftex.def Info: capitulo1/memoria.png  used on input line 101.
(pdftex.def)             Requested size: 376.42575pt x 401.82469pt.
LaTeX Info: Redefining \. on input line 115.
LaTeX Info: Redefining \% on input line 115.
 [5] (/app/texlive/texmf-dist/tex/latex/listings/lstlang1.sty
File: lstlang1.sty 2020/03/24 1.8d listings language file
)
(/app/texlive/texmf-dist/tex/latex/listings/lstlang1.sty
File: lstlang1.sty 2020/03/24 1.8d listings language file
)
LaTeX Font Info:    Font shape `T1/ntxtlf/m/n' will be
(Font)              scaled to size 9.0pt on input line 126.
LaTeX Font Info:    Trying to load font information for T1+cmtt on input line 1
26.

(/app/texlive/texmf-dist/tex/latex/base/t1cmtt.fd
File: t1cmtt.fd 2019/12/16 v2.5j Standard LaTeX font definitions
)
<capitulo1/rustup.png, id=161, 751.80875pt x 249.93375pt>
File: capitulo1/rustup.png Graphic file (type png)
<use capitulo1/rustup.png>
Package pdftex.def Info: capitulo1/rustup.png  used on input line 134.
(pdftex.def)             Requested size: 376.42575pt x 125.14198pt.
LaTeX Info: Redefining \. on input line 144.
LaTeX Info: Redefining \% on input line 144.
 [6 <./capitulo1/caracteristicas.png>]
LaTeX Info: Redefining \. on input line 164.
LaTeX Info: Redefining \% on input line 164.
 [7 <./capitulo1/memoria.png>]
<capitulo1/lsusb.png, id=194, 1063.975pt x 193.72375pt>
File: capitulo1/lsusb.png Graphic file (type png)
<use capitulo1/lsusb.png>
Package pdftex.def Info: capitulo1/lsusb.png  used on input line 195.
(pdftex.def)             Requested size: 376.42575pt x 68.5374pt.
LaTeX Info: Redefining \. on input line 210.
LaTeX Info: Redefining \% on input line 210.
 [8 <./capitulo1/rustup.png> <./capitulo1/lsusb.png>]
Overfull \hbox (48.04501pt too wide) in paragraph at lines 231--232
[]\T1/ntxtlf/m/n/10.95 ARM pro-por-cio-na ins-ta-la-do-res .exe pa-ra Win-dows.
 To-me uno de aquí (\T1/ntxtlf/b/it/10.95 https://developer.arm.com/tools-
 []

LaTeX Info: Redefining \. on input line 259.
LaTeX Info: Redefining \% on input line 259.
[9] (/app/texlive/texmf-dist/tex/latex/listings/lstlang1.sty
File: lstlang1.sty 2020/03/24 1.8d listings language file
)
(/app/texlive/texmf-dist/tex/latex/listings/lstmisc.sty
File: lstmisc.sty 2020/03/24 1.8d (Carsten Heinz)
)
LaTeX Info: Redefining \. on input line 314.
LaTeX Info: Redefining \% on input line 314.
 [10])
LaTeX Info: Redefining \. on input line 73.
LaTeX Info: Redefining \% on input line 73.
 [11]
Cap\'{\i }tulo 2.
(./capitulo2/capitulo2.tex
Overfull \hbox (88.24005pt too wide) in paragraph at lines 5--6
\T1/ntxtlf/m/n/10.95 que el com-pi-la-dor de Rust asig-na a los sím-bo-los son 
de la for-ma: _ZN5krate6module8function17he1dfc17c86fe16daE,
 []


Overfull \hbox (50.56938pt too wide) in paragraph at lines 5--6
\T1/ntxtlf/m/n/10.95 rior-men-te se co-lo-ca-rá en una sec-ción de-no-mi-na-da 
.text._ZN5krate6module8function17he1dfc17c86fe16daE. 
 []

[12

]
LaTeX Info: Redefining \. on input line 58.
LaTeX Info: Redefining \% on input line 58.
 [13]
LaTeX Info: Redefining \. on input line 98.
LaTeX Info: Redefining \% on input line 98.
 [14]
LaTeX Info: Redefining \. on input line 140.
LaTeX Info: Redefining \% on input line 140.
 [15]
LaTeX Info: Redefining \. on input line 188.
LaTeX Info: Redefining \% on input line 188.
 [16])
LaTeX Info: Redefining \. on input line 76.
LaTeX Info: Redefining \% on input line 76.
 [17]
Cap\'{\i }tulo 3.
(./capitulo3/capitulo3.tex [18

]
LaTeX Info: Redefining \. on input line 85.
LaTeX Info: Redefining \% on input line 85.
 [19]
LaTeX Info: Redefining \. on input line 138.
LaTeX Info: Redefining \% on input line 138.
 [20]
LaTeX Info: Redefining \. on input line 189.
LaTeX Info: Redefining \% on input line 189.
 [21]
<capitulo3/prender_led.png, id=570, 439.6425pt x 767.86874pt>
File: capitulo3/prender_led.png Graphic file (type png)
<use capitulo3/prender_led.png>
Package pdftex.def Info: capitulo3/prender_led.png  used on input line 200.
(pdftex.def)             Requested size: 125.47737pt x 219.14949pt.
<capitulo3/salida_prender_led.png, id=571, 752.8125pt x 261.97874pt>
File: capitulo3/salida_prender_led.png Graphic file (type png)
<use capitulo3/salida_prender_led.png>
Package pdftex.def Info: capitulo3/salida_prender_led.png  used on input line 2
15.
(pdftex.def)             Requested size: 250.95476pt x 87.33269pt.
<capitulo3/nucleo_f411re_1.png, id=572, 963.6pt x 722.7pt>
File: capitulo3/nucleo_f411re_1.png Graphic file (type png)
<use capitulo3/nucleo_f411re_1.png>
Package pdftex.def Info: capitulo3/nucleo_f411re_1.png  used on input line 230.

(pdftex.def)             Requested size: 209.12683pt x 156.84412pt.
LaTeX Font Info:    Font shape `T1/ntxtlf/b/n' will be
(Font)              scaled to size 9.0pt on input line 230.
<capitulo3/nucleo_f411re_2.png, id=573, 963.6pt x 722.7pt>
File: capitulo3/nucleo_f411re_2.png Graphic file (type png)
<use capitulo3/nucleo_f411re_2.png>
Package pdftex.def Info: capitulo3/nucleo_f411re_2.png  used on input line 233.

(pdftex.def)             Requested size: 209.12683pt x 156.84412pt.

Overfull \hbox (5.47496pt too wide) in paragraph at lines 230--234
 [][][][] 
 []

LaTeX Font Info:    Trying to load font information for T1+ntxsups on input lin
e 238.
(/app/texlive/texmf-dist/tex/latex/newtx/t1ntxsups.fd
File: t1ntxsups.fd 2015/01/17 v1.0
)
LaTeX Font Info:    Font shape `T1/ntxsups/m/n' will be
(Font)              scaled to size 10.95pt on input line 238.
LaTeX Font Info:    Font shape `T1/ntxsups/m/n' will be
(Font)              scaled to size 9.0pt on input line 238.
)
LaTeX Info: Redefining \. on input line 79.
LaTeX Info: Redefining \% on input line 79.
 [22 <./capitulo3/prender_led.png (PNG copy)> <./capitulo3/salida_prender_led.p
ng>]
LaTeX Info: Redefining \. on input line 79.
LaTeX Info: Redefining \% on input line 79.
 [23 <./capitulo3/nucleo_f411re_1.png> <./capitulo3/nucleo_f411re_2.png>] (./mi
crocontroladores.aux
LaTeX Info: Redefining \. on input line 26.
LaTeX Info: Redefining \% on input line 26.
)
Package rerunfilecheck Info: File `microcontroladores.out' has not changed.
(rerunfilecheck)             Checksum: AD492C442E906D834DB6211F9F129636;3565.
 ) 
Here is how much of TeX's memory you used:
 35058 strings out of 478994
 637066 string characters out of 5859690
 1572642 words of memory out of 5000000
 51463 multiletter control sequences out of 15000+600000
 451335 words of font info for 80 fonts, out of 8000000 for 9000
 1141 hyphenation exceptions out of 8191
 102i,12n,136p,874b,2068s stack positions out of 5000i,500n,10000p,200000b,80000s
pdfTeX warning (dest): name{Hfootnote.1} has been referenced but does not exi
st, replaced by a fixed one

{/app/texlive/texmf-dist/fonts/enc/dvips/newtx/ntxsups_t1.enc}{/app/texlive/tex
mf-dist/fonts/enc/dvips/cm-super/cm-super-t1.enc}{/app/texlive/texmf-dist/fonts
/enc/dvips/tex-gyre/q-ts1.enc}{/app/texlive/texmf-dist/fonts/enc/dvips/newtx/nt
x-ec-tlf.enc}</app/texlive/texmf-dist/fonts/type1/public/amsfonts/cm/cmr9.pfb><
/app/texlive/texmf-dist/fonts/type1/public/newtx/ntxsups-Regular.pfb></app/texl
ive/texmf-dist/fonts/type1/public/tex-gyre/qtmr.pfb></app/texlive/texmf-dist/fo
nts/type1/public/cm-super/sfit0900.pfb></app/texlive/texmf-dist/fonts/type1/pub
lic/cm-super/sftt0900.pfb></app/texlive/texmf-dist/fonts/type1/public/newtx/ztm
b.pfb></app/texlive/texmf-dist/fonts/type1/public/newtx/ztmbi.pfb></app/texlive
/texmf-dist/fonts/type1/public/newtx/ztmr.pfb></app/texlive/texmf-dist/fonts/ty
pe1/public/newtx/ztmri.pfb>
Output written on microcontroladores.pdf (25 pages, 2153922 bytes).
PDF statistics:
 718 PDF objects out of 1000 (max. 8388607)
 639 compressed objects within 7 object streams
 382 named destinations out of 1000 (max. 500000)
 306 words of extra memory for PDF output out of 10000 (max. 10000000)

